{"/home/travis/build/npmtest/node-npmtest-sails.io.js/test.js":{"path":"/home/travis/build/npmtest/node-npmtest-sails.io.js/test.js","s":{"1":2,"2":2,"3":2,"4":2,"5":2,"6":2,"7":2,"8":1,"9":2,"10":2,"11":1,"12":1,"13":1,"14":1,"15":2,"16":2,"17":2,"18":2,"19":1,"20":1,"21":2,"22":2,"23":2,"24":1,"25":1,"26":1,"27":1,"28":1,"29":1,"30":1,"31":1,"32":1,"33":1,"34":1,"35":1,"36":1,"37":1,"38":1,"39":2,"40":2,"41":1,"42":2,"43":2,"44":1,"45":2,"46":2,"47":1,"48":2,"49":2,"50":1,"51":1,"52":1,"53":1,"54":1},"b":{"1":[2,1,1,1],"2":[1,1,1,1],"3":[1,1],"4":[1,1],"5":[1,1],"6":[1,1],"7":[1,1],"8":[1,1],"9":[1,1],"10":[1,1,1],"11":[1,1],"12":[1,1],"13":[1,1],"14":[1,1],"15":[1,1],"16":[1,1],"17":[1,1]},"f":{"1":2,"2":2,"3":2,"4":2,"5":2,"6":1,"7":1,"8":1,"9":2,"10":2,"11":2,"12":2,"13":1},"fnMap":{"1":{"name":"(anonymous_1)","line":12,"loc":{"start":{"line":12,"column":1},"end":{"line":12,"column":13}}},"2":{"name":"(anonymous_2)","line":19,"loc":{"start":{"line":19,"column":5},"end":{"line":19,"column":17}}},"3":{"name":"(anonymous_3)","line":23,"loc":{"start":{"line":23,"column":24},"end":{"line":23,"column":36}}},"4":{"name":"(anonymous_4)","line":61,"loc":{"start":{"line":61,"column":5},"end":{"line":61,"column":17}}},"5":{"name":"(anonymous_5)","line":82,"loc":{"start":{"line":82,"column":5},"end":{"line":82,"column":17}}},"6":{"name":"(anonymous_6)","line":91,"loc":{"start":{"line":91,"column":77},"end":{"line":94,"column":10}}},"7":{"name":"(anonymous_7)","line":112,"loc":{"start":{"line":112,"column":83},"end":{"line":115,"column":10}},"skip":true},"8":{"name":"(anonymous_8)","line":123,"loc":{"start":{"line":123,"column":77},"end":{"line":126,"column":10}},"skip":true},"9":{"name":"(anonymous_9)","line":139,"loc":{"start":{"line":139,"column":12},"end":{"line":139,"column":40}},"skip":true},"10":{"name":"(anonymous_10)","line":147,"loc":{"start":{"line":147,"column":77},"end":{"line":150,"column":10}},"skip":true},"11":{"name":"(anonymous_11)","line":158,"loc":{"start":{"line":158,"column":83},"end":{"line":161,"column":10}},"skip":true},"12":{"name":"(anonymous_12)","line":169,"loc":{"start":{"line":169,"column":79},"end":{"line":172,"column":10}},"skip":true},"13":{"name":"(anonymous_13)","line":180,"loc":{"start":{"line":180,"column":75},"end":{"line":183,"column":10}},"skip":true}},"statementMap":{"1":{"start":{"line":12,"column":0},"end":{"line":195,"column":5}},"2":{"start":{"line":14,"column":4},"end":{"line":14,"column":14}},"3":{"start":{"line":19,"column":4},"end":{"line":56,"column":9}},"4":{"start":{"line":21,"column":8},"end":{"line":21,"column":19}},"5":{"start":{"line":23,"column":8},"end":{"line":35,"column":13}},"6":{"start":{"line":24,"column":12},"end":{"line":34,"column":13}},"7":{"start":{"line":25,"column":16},"end":{"line":28,"column":30}},"8":{"start":{"line":30,"column":16},"end":{"line":33,"column":27}},"9":{"start":{"line":37,"column":8},"end":{"line":39,"column":21}},"10":{"start":{"line":40,"column":8},"end":{"line":53,"column":9}},"11":{"start":{"line":43,"column":12},"end":{"line":46,"column":14}},"12":{"start":{"line":47,"column":12},"end":{"line":47,"column":18}},"13":{"start":{"line":50,"column":12},"end":{"line":51,"column":33}},"14":{"start":{"line":52,"column":12},"end":{"line":52,"column":18}},"15":{"start":{"line":55,"column":8},"end":{"line":55,"column":35}},"16":{"start":{"line":61,"column":4},"end":{"line":63,"column":9}},"17":{"start":{"line":62,"column":8},"end":{"line":62,"column":15}},"18":{"start":{"line":64,"column":4},"end":{"line":77,"column":5}},"19":{"start":{"line":70,"column":8},"end":{"line":70,"column":14}},"20":{"start":{"line":76,"column":8},"end":{"line":76,"column":14}},"21":{"start":{"line":82,"column":4},"end":{"line":84,"column":9}},"22":{"start":{"line":83,"column":8},"end":{"line":83,"column":15}},"23":{"start":{"line":85,"column":4},"end":{"line":194,"column":5}},"24":{"start":{"line":91,"column":8},"end":{"line":99,"column":10}},"25":{"start":{"line":98,"column":12},"end":{"line":98,"column":35}},"26":{"start":{"line":102,"column":8},"end":{"line":104,"column":63}},"27":{"start":{"line":105,"column":8},"end":{"line":105,"column":14}},"28":{"start":{"line":112,"column":8},"end":{"line":121,"column":10},"skip":true},"29":{"start":{"line":119,"column":12},"end":{"line":119,"column":55},"skip":true},"30":{"start":{"line":120,"column":12},"end":{"line":120,"column":48},"skip":true},"31":{"start":{"line":123,"column":8},"end":{"line":136,"column":10},"skip":true},"32":{"start":{"line":130,"column":12},"end":{"line":130,"column":76},"skip":true},"33":{"start":{"line":131,"column":12},"end":{"line":131,"column":73},"skip":true},"34":{"start":{"line":132,"column":12},"end":{"line":132,"column":74},"skip":true},"35":{"start":{"line":133,"column":12},"end":{"line":133,"column":79},"skip":true},"36":{"start":{"line":134,"column":12},"end":{"line":134,"column":25},"skip":true},"37":{"start":{"line":135,"column":12},"end":{"line":135,"column":45},"skip":true},"38":{"start":{"line":138,"column":8},"end":{"line":145,"column":14},"skip":true},"39":{"start":{"line":143,"column":16},"end":{"line":143,"column":29},"skip":true},"40":{"start":{"line":144,"column":16},"end":{"line":144,"column":55},"skip":true},"41":{"start":{"line":147,"column":8},"end":{"line":156,"column":10},"skip":true},"42":{"start":{"line":154,"column":12},"end":{"line":154,"column":25},"skip":true},"43":{"start":{"line":155,"column":12},"end":{"line":155,"column":45},"skip":true},"44":{"start":{"line":158,"column":8},"end":{"line":167,"column":10},"skip":true},"45":{"start":{"line":165,"column":12},"end":{"line":165,"column":25},"skip":true},"46":{"start":{"line":166,"column":12},"end":{"line":166,"column":48},"skip":true},"47":{"start":{"line":169,"column":8},"end":{"line":178,"column":10},"skip":true},"48":{"start":{"line":176,"column":12},"end":{"line":176,"column":25},"skip":true},"49":{"start":{"line":177,"column":12},"end":{"line":177,"column":46},"skip":true},"50":{"start":{"line":180,"column":8},"end":{"line":189,"column":10},"skip":true},"51":{"start":{"line":187,"column":12},"end":{"line":187,"column":94},"skip":true},"52":{"start":{"line":188,"column":12},"end":{"line":188,"column":48},"skip":true},"53":{"start":{"line":192,"column":8},"end":{"line":192,"column":35},"skip":true},"54":{"start":{"line":193,"column":8},"end":{"line":193,"column":14},"skip":true}},"branchMap":{"1":{"line":25,"type":"binary-expr","locations":[{"start":{"line":25,"column":23},"end":{"line":25,"column":62}},{"start":{"line":26,"column":20},"end":{"line":26,"column":70}},{"start":{"line":27,"column":20},"end":{"line":27,"column":71}},{"start":{"line":28,"column":20},"end":{"line":28,"column":29}}]},"2":{"line":30,"type":"binary-expr","locations":[{"start":{"line":30,"column":23},"end":{"line":30,"column":37}},{"start":{"line":31,"column":20},"end":{"line":31,"column":61}},{"start":{"line":32,"column":20},"end":{"line":32,"column":70}},{"start":{"line":33,"column":20},"end":{"line":33,"column":26}}]},"3":{"line":37,"type":"cond-expr","locations":[{"start":{"line":38,"column":14},"end":{"line":38,"column":20}},{"start":{"line":39,"column":14},"end":{"line":39,"column":20}}]},"4":{"line":40,"type":"switch","locations":[{"start":{"line":42,"column":8},"end":{"line":47,"column":18}},{"start":{"line":49,"column":8},"end":{"line":52,"column":18}}]},"5":{"line":44,"type":"binary-expr","locations":[{"start":{"line":44,"column":16},"end":{"line":44,"column":44}},{"start":{"line":44,"column":48},"end":{"line":44,"column":66}}]},"6":{"line":50,"type":"binary-expr","locations":[{"start":{"line":50,"column":21},"end":{"line":50,"column":49}},{"start":{"line":50,"column":53},"end":{"line":50,"column":72}}]},"7":{"line":64,"type":"switch","locations":[{"start":{"line":69,"column":4},"end":{"line":70,"column":14}},{"start":{"line":75,"column":4},"end":{"line":76,"column":14}}]},"8":{"line":85,"type":"switch","locations":[{"start":{"line":90,"column":4},"end":{"line":105,"column":14}},{"start":{"line":111,"column":4},"end":{"line":193,"column":14},"skip":true}]},"9":{"line":91,"type":"binary-expr","locations":[{"start":{"line":91,"column":42},"end":{"line":91,"column":73}},{"start":{"line":91,"column":77},"end":{"line":99,"column":9}}]},"10":{"line":102,"type":"binary-expr","locations":[{"start":{"line":102,"column":18},"end":{"line":102,"column":32}},{"start":{"line":103,"column":12},"end":{"line":103,"column":53}},{"start":{"line":104,"column":12},"end":{"line":104,"column":61}}]},"11":{"line":112,"type":"binary-expr","locations":[{"start":{"line":112,"column":45},"end":{"line":112,"column":79},"skip":true},{"start":{"line":112,"column":83},"end":{"line":121,"column":9},"skip":true}]},"12":{"line":123,"type":"binary-expr","locations":[{"start":{"line":123,"column":42},"end":{"line":123,"column":73},"skip":true},{"start":{"line":123,"column":77},"end":{"line":136,"column":9},"skip":true}]},"13":{"line":138,"type":"binary-expr","locations":[{"start":{"line":138,"column":48},"end":{"line":138,"column":85},"skip":true},{"start":{"line":139,"column":12},"end":{"line":145,"column":13},"skip":true}]},"14":{"line":147,"type":"binary-expr","locations":[{"start":{"line":147,"column":42},"end":{"line":147,"column":73},"skip":true},{"start":{"line":147,"column":77},"end":{"line":156,"column":9},"skip":true}]},"15":{"line":158,"type":"binary-expr","locations":[{"start":{"line":158,"column":45},"end":{"line":158,"column":79},"skip":true},{"start":{"line":158,"column":83},"end":{"line":167,"column":9},"skip":true}]},"16":{"line":169,"type":"binary-expr","locations":[{"start":{"line":169,"column":43},"end":{"line":169,"column":75},"skip":true},{"start":{"line":169,"column":79},"end":{"line":178,"column":9},"skip":true}]},"17":{"line":180,"type":"binary-expr","locations":[{"start":{"line":180,"column":41},"end":{"line":180,"column":71},"skip":true},{"start":{"line":180,"column":75},"end":{"line":189,"column":9},"skip":true}]}},"code":["/* istanbul instrument in package npmtest_sails_io_js */","/*jslint","    bitwise: true,","    browser: true,","    maxerr: 8,","    maxlen: 96,","    node: true,","    nomen: true,","    regexp: true,","    stupid: true","*/","(function () {","    'use strict';","    var local;","","","","    // run shared js-env code - init-before","    (function () {","        // init local","        local = {};","        // init modeJs","        local.modeJs = (function () {","            try {","                return typeof navigator.userAgent === 'string' &&","                    typeof document.querySelector('body') === 'object' &&","                    typeof XMLHttpRequest.prototype.open === 'function' &&","                    'browser';","            } catch (errorCaughtBrowser) {","                return module.exports &&","                    typeof process.versions.node === 'string' &&","                    typeof require('http').createServer === 'function' &&","                    'node';","            }","        }());","        // init global","        local.global = local.modeJs === 'browser'","            ? window","            : global;","        switch (local.modeJs) {","        // re-init local from window.local","        case 'browser':","            local = local.global.utility2.objectSetDefault(","                local.global.utility2_rollup || local.global.local,","                local.global.utility2","            );","            break;","        // re-init local from example.js","        case 'node':","            local = (local.global.utility2_rollup || require('utility2'))","                .requireReadme();","            break;","        }","        // export local","        local.global.local = local;","    }());","","","","    // run shared js-env code - function","    (function () {","        return;","    }());","    switch (local.modeJs) {","","","","    // run browser js-env code - function","    case 'browser':","        break;","","","","    // run node js-env code - function","    case 'node':","        break;","    }","","","","    // run shared js-env code - init-after","    (function () {","        return;","    }());","    switch (local.modeJs) {","","","","    // run browser js-env code - init-after","    case 'browser':","        local.testCase_browser_nullCase = local.testCase_browser_nullCase || function (","            options,","            onError","        ) {","        /*","         * this function will test browsers's null-case handling-behavior-behavior","         */","            onError(null, options);","        };","","        // run tests","        local.nop(local.modeTest &&","            document.querySelector('#testRunButton1') &&","            document.querySelector('#testRunButton1').click());","        break;","","","","    // run node js-env code - init-after","    /* istanbul ignore next */","    case 'node':","        local.testCase_buildApidoc_default = local.testCase_buildApidoc_default || function (","            options,","            onError","        ) {","        /*","         * this function will test buildApidoc's default handling-behavior-behavior","         */","            options = { modulePathList: module.paths };","            local.buildApidoc(options, onError);","        };","","        local.testCase_buildApp_default = local.testCase_buildApp_default || function (","            options,","            onError","        ) {","        /*","         * this function will test buildApp's default handling-behavior-behavior","         */","            local.testCase_buildReadme_default(options, local.onErrorThrow);","            local.testCase_buildLib_default(options, local.onErrorThrow);","            local.testCase_buildTest_default(options, local.onErrorThrow);","            local.testCase_buildCustomOrg_default(options, local.onErrorThrow);","            options = [];","            local.buildApp(options, onError);","        };","","        local.testCase_buildCustomOrg_default = local.testCase_buildCustomOrg_default ||","            function (options, onError) {","            /*","             * this function will test buildCustomOrg's default handling-behavior","             */","                options = {};","                local.buildCustomOrg(options, onError);","            };","","        local.testCase_buildLib_default = local.testCase_buildLib_default || function (","            options,","            onError","        ) {","        /*","         * this function will test buildLib's default handling-behavior","         */","            options = {};","            local.buildLib(options, onError);","        };","","        local.testCase_buildReadme_default = local.testCase_buildReadme_default || function (","            options,","            onError","        ) {","        /*","         * this function will test buildReadme's default handling-behavior-behavior","         */","            options = {};","            local.buildReadme(options, onError);","        };","","        local.testCase_buildTest_default = local.testCase_buildTest_default || function (","            options,","            onError","        ) {","        /*","         * this function will test buildTest's default handling-behavior","         */","            options = {};","            local.buildTest(options, onError);","        };","","        local.testCase_webpage_default = local.testCase_webpage_default || function (","            options,","            onError","        ) {","        /*","         * this function will test webpage's default handling-behavior","         */","            options = { modeCoverageMerge: true, url: local.serverLocalHost + '?modeTest=1' };","            local.browserTest(options, onError);","        };","","        // run test-server","        local.testRunServer(local);","        break;","    }","}());",""],"l":{"12":2,"14":2,"19":2,"21":2,"23":2,"24":2,"25":2,"30":1,"37":2,"40":2,"43":1,"47":1,"50":1,"52":1,"55":2,"61":2,"62":2,"64":2,"70":1,"76":1,"82":2,"83":2,"85":2,"91":1,"98":1,"102":1,"105":1,"112":1,"119":1,"120":1,"123":1,"130":1,"131":1,"132":1,"133":1,"134":1,"135":1,"138":1,"143":2,"144":2,"147":1,"154":2,"155":2,"158":1,"165":2,"166":2,"169":1,"176":2,"177":2,"180":1,"187":1,"188":1,"192":1,"193":1}},"/home/travis/build/npmtest/node-npmtest-sails.io.js/lib.npmtest_sails.io.js.js":{"path":"/home/travis/build/npmtest/node-npmtest-sails.io.js/lib.npmtest_sails.io.js.js","s":{"1":2,"2":2,"3":2,"4":2,"5":2,"6":2,"7":2,"8":1,"9":2,"10":2,"11":2,"12":2,"13":1,"14":1,"15":1,"16":1},"b":{"1":[2,1,1,1],"2":[1,1,1,1],"3":[1,1],"4":[2,2],"5":[1,1]},"f":{"1":2,"2":2,"3":2},"fnMap":{"1":{"name":"(anonymous_1)","line":12,"loc":{"start":{"line":12,"column":1},"end":{"line":12,"column":13}}},"2":{"name":"(anonymous_2)","line":19,"loc":{"start":{"line":19,"column":5},"end":{"line":19,"column":17}}},"3":{"name":"(anonymous_3)","line":23,"loc":{"start":{"line":23,"column":24},"end":{"line":23,"column":36}}}},"statementMap":{"1":{"start":{"line":12,"column":0},"end":{"line":53,"column":5}},"2":{"start":{"line":14,"column":4},"end":{"line":14,"column":14}},"3":{"start":{"line":19,"column":4},"end":{"line":52,"column":9}},"4":{"start":{"line":21,"column":8},"end":{"line":21,"column":19}},"5":{"start":{"line":23,"column":8},"end":{"line":35,"column":13}},"6":{"start":{"line":24,"column":12},"end":{"line":34,"column":13}},"7":{"start":{"line":25,"column":16},"end":{"line":28,"column":30}},"8":{"start":{"line":30,"column":16},"end":{"line":33,"column":27}},"9":{"start":{"line":37,"column":8},"end":{"line":39,"column":21}},"10":{"start":{"line":41,"column":8},"end":{"line":41,"column":54}},"11":{"start":{"line":43,"column":8},"end":{"line":43,"column":56}},"12":{"start":{"line":45,"column":8},"end":{"line":51,"column":9}},"13":{"start":{"line":46,"column":12},"end":{"line":46,"column":62}},"14":{"start":{"line":48,"column":12},"end":{"line":48,"column":35}},"15":{"start":{"line":49,"column":12},"end":{"line":49,"column":49}},"16":{"start":{"line":50,"column":12},"end":{"line":50,"column":43}}},"branchMap":{"1":{"line":25,"type":"binary-expr","locations":[{"start":{"line":25,"column":23},"end":{"line":25,"column":62}},{"start":{"line":26,"column":20},"end":{"line":26,"column":70}},{"start":{"line":27,"column":20},"end":{"line":27,"column":71}},{"start":{"line":28,"column":20},"end":{"line":28,"column":29}}]},"2":{"line":30,"type":"binary-expr","locations":[{"start":{"line":30,"column":23},"end":{"line":30,"column":37}},{"start":{"line":31,"column":20},"end":{"line":31,"column":61}},{"start":{"line":32,"column":20},"end":{"line":32,"column":70}},{"start":{"line":33,"column":20},"end":{"line":33,"column":26}}]},"3":{"line":37,"type":"cond-expr","locations":[{"start":{"line":38,"column":14},"end":{"line":38,"column":20}},{"start":{"line":39,"column":14},"end":{"line":39,"column":20}}]},"4":{"line":41,"type":"binary-expr","locations":[{"start":{"line":41,"column":16},"end":{"line":41,"column":44}},{"start":{"line":41,"column":48},"end":{"line":41,"column":53}}]},"5":{"line":45,"type":"if","locations":[{"start":{"line":45,"column":8},"end":{"line":45,"column":8}},{"start":{"line":45,"column":8},"end":{"line":45,"column":8}}]}},"code":["/* istanbul instrument in package npmtest_sails_io_js */","/*jslint","    bitwise: true,","    browser: true,","    maxerr: 8,","    maxlen: 96,","    node: true,","    nomen: true,","    regexp: true,","    stupid: true","*/","(function () {","    'use strict';","    var local;","","","","    // run shared js-env code - init-before","    (function () {","        // init local","        local = {};","        // init modeJs","        local.modeJs = (function () {","            try {","                return typeof navigator.userAgent === 'string' &&","                    typeof document.querySelector('body') === 'object' &&","                    typeof XMLHttpRequest.prototype.open === 'function' &&","                    'browser';","            } catch (errorCaughtBrowser) {","                return module.exports &&","                    typeof process.versions.node === 'string' &&","                    typeof require('http').createServer === 'function' &&","                    'node';","            }","        }());","        // init global","        local.global = local.modeJs === 'browser'","            ? window","            : global;","        // init utility2_rollup","        local = local.global.utility2_rollup || local;","        // init lib","        local.local = local.npmtest_sails_io_js = local;","        // init exports","        if (local.modeJs === 'browser') {","            local.global.utility2_npmtest_sails_io_js = local;","        } else {","            module.exports = local;","            module.exports.__dirname = __dirname;","            module.exports.module = module;","        }","    }());","}());",""],"l":{"12":2,"14":2,"19":2,"21":2,"23":2,"24":2,"25":2,"30":1,"37":2,"41":2,"43":2,"45":2,"46":1,"48":1,"49":1,"50":1}},"/home/travis/build/npmtest/node-npmtest-sails.io.js/example.js":{"path":"/home/travis/build/npmtest/node-npmtest-sails.io.js/example.js","s":{"1":2,"2":2,"3":2,"4":2,"5":2,"6":2,"7":2,"8":1,"9":2,"10":2,"11":2,"12":2,"13":1,"14":2,"15":2,"16":2,"17":2,"18":2,"19":0,"20":2,"21":1,"22":1,"23":1,"24":1,"25":1,"26":0,"27":0,"28":1,"29":1,"30":2,"31":0,"32":0,"33":0,"34":1,"35":2,"36":2,"37":3,"38":3,"39":3,"40":3,"41":0,"42":3,"43":3,"44":3,"45":1,"46":3,"47":1,"48":1,"49":1,"50":1,"51":1,"52":1,"53":1,"54":1,"55":1,"56":1,"57":0,"58":1,"59":6,"60":6,"61":1,"62":2,"63":0,"64":2,"65":1,"66":1,"67":0,"68":0,"69":0,"70":0,"71":0,"72":0,"73":0,"74":0,"75":0,"76":0,"77":0,"78":0,"79":0,"80":0,"81":0,"82":0,"83":0},"b":{"1":[2,1,1,1],"2":[1,1,1,1],"3":[1,1],"4":[2,2],"5":[1,1],"6":[1,1],"7":[2,0],"8":[2,1,1,1,1,1],"9":[0,2,0],"10":[1,1],"11":[2,1,1],"12":[1,0],"13":[0,2],"14":[2,0,0,0,0,0,0],"15":[0,3],"16":[3,0],"17":[1,1],"18":[0,1],"19":[1,2,0,2],"20":[1,0],"21":[1,1],"22":[0,0],"23":[0,0],"24":[0,0],"25":[0,0],"26":[0,0],"27":[0,0],"28":[0,0]},"f":{"1":2,"2":2,"3":2,"4":2,"5":2,"6":2,"7":3,"8":3,"9":3,"10":1,"11":6,"12":0},"fnMap":{"1":{"name":"(anonymous_1)","line":26,"loc":{"start":{"line":26,"column":1},"end":{"line":26,"column":13}}},"2":{"name":"(anonymous_2)","line":33,"loc":{"start":{"line":33,"column":5},"end":{"line":33,"column":17}}},"3":{"name":"(anonymous_3)","line":37,"loc":{"start":{"line":37,"column":24},"end":{"line":37,"column":36}}},"4":{"name":"(anonymous_4)","line":69,"loc":{"start":{"line":69,"column":31},"end":{"line":69,"column":48}},"skip":true},"5":{"name":"(anonymous_5)","line":78,"loc":{"start":{"line":78,"column":26},"end":{"line":78,"column":45}},"skip":true},"6":{"name":"(anonymous_6)","line":123,"loc":{"start":{"line":123,"column":33},"end":{"line":123,"column":48}},"skip":true},"7":{"name":"(anonymous_7)","line":125,"loc":{"start":{"line":125,"column":27},"end":{"line":125,"column":39}},"skip":true},"8":{"name":"(anonymous_8)","line":133,"loc":{"start":{"line":133,"column":59},"end":{"line":133,"column":74}},"skip":true},"9":{"name":"(anonymous_9)","line":143,"loc":{"start":{"line":143,"column":45},"end":{"line":143,"column":62}},"skip":true},"10":{"name":"(anonymous_10)","line":144,"loc":{"start":{"line":144,"column":73},"end":{"line":144,"column":92}},"skip":true},"11":{"name":"(anonymous_11)","line":272,"loc":{"start":{"line":272,"column":51},"end":{"line":272,"column":77}},"skip":true},"12":{"name":"(anonymous_12)","line":315,"loc":{"start":{"line":315,"column":32},"end":{"line":315,"column":61}},"skip":true}},"statementMap":{"1":{"start":{"line":26,"column":0},"end":{"line":326,"column":5}},"2":{"start":{"line":28,"column":4},"end":{"line":28,"column":14}},"3":{"start":{"line":33,"column":4},"end":{"line":60,"column":9}},"4":{"start":{"line":35,"column":8},"end":{"line":35,"column":19}},"5":{"start":{"line":37,"column":8},"end":{"line":49,"column":13}},"6":{"start":{"line":38,"column":12},"end":{"line":48,"column":13}},"7":{"start":{"line":39,"column":16},"end":{"line":42,"column":30}},"8":{"start":{"line":44,"column":16},"end":{"line":47,"column":27}},"9":{"start":{"line":51,"column":8},"end":{"line":53,"column":21}},"10":{"start":{"line":55,"column":8},"end":{"line":57,"column":45}},"11":{"start":{"line":59,"column":8},"end":{"line":59,"column":35}},"12":{"start":{"line":61,"column":4},"end":{"line":325,"column":5}},"13":{"start":{"line":69,"column":8},"end":{"line":121,"column":10},"skip":true},"14":{"start":{"line":70,"column":12},"end":{"line":88,"column":13},"skip":true},"15":{"start":{"line":76,"column":16},"end":{"line":87,"column":19},"skip":true},"16":{"start":{"line":79,"column":20},"end":{"line":86,"column":21},"skip":true},"17":{"start":{"line":82,"column":24},"end":{"line":82,"column":43},"skip":true},"18":{"start":{"line":83,"column":24},"end":{"line":83,"column":30},"skip":true},"19":{"start":{"line":85,"column":24},"end":{"line":85,"column":49},"skip":true},"20":{"start":{"line":89,"column":12},"end":{"line":107,"column":13},"skip":true},"21":{"start":{"line":92,"column":16},"end":{"line":102,"column":17},"skip":true},"22":{"start":{"line":93,"column":20},"end":{"line":93,"column":86},"skip":true},"23":{"start":{"line":94,"column":20},"end":{"line":95,"column":45},"skip":true},"24":{"start":{"line":96,"column":20},"end":{"line":96,"column":42},"skip":true},"25":{"start":{"line":97,"column":20},"end":{"line":97,"column":48},"skip":true},"26":{"start":{"line":100,"column":20},"end":{"line":100,"column":85},"skip":true},"27":{"start":{"line":101,"column":20},"end":{"line":101,"column":96},"skip":true},"28":{"start":{"line":103,"column":16},"end":{"line":103,"column":22},"skip":true},"29":{"start":{"line":106,"column":16},"end":{"line":106,"column":22},"skip":true},"30":{"start":{"line":108,"column":12},"end":{"line":120,"column":13},"skip":true},"31":{"start":{"line":114,"column":16},"end":{"line":119,"column":17},"skip":true},"32":{"start":{"line":116,"column":20},"end":{"line":116,"column":78},"skip":true},"33":{"start":{"line":118,"column":20},"end":{"line":118,"column":47},"skip":true},"34":{"start":{"line":123,"column":8},"end":{"line":141,"column":11},"skip":true},"35":{"start":{"line":124,"column":12},"end":{"line":124,"column":54},"skip":true},"36":{"start":{"line":125,"column":12},"end":{"line":140,"column":14},"skip":true},"37":{"start":{"line":126,"column":16},"end":{"line":126,"column":28},"skip":true},"38":{"start":{"line":127,"column":16},"end":{"line":127,"column":69},"skip":true},"39":{"start":{"line":128,"column":16},"end":{"line":128,"column":75},"skip":true},"40":{"start":{"line":129,"column":16},"end":{"line":131,"column":17},"skip":true},"41":{"start":{"line":130,"column":20},"end":{"line":130,"column":27},"skip":true},"42":{"start":{"line":133,"column":16},"end":{"line":137,"column":36},"skip":true},"43":{"start":{"line":134,"column":20},"end":{"line":136,"column":55},"skip":true},"44":{"start":{"line":139,"column":16},"end":{"line":139,"column":57},"skip":true},"45":{"start":{"line":143,"column":8},"end":{"line":147,"column":11},"skip":true},"46":{"start":{"line":144,"column":12},"end":{"line":146,"column":15},"skip":true},"47":{"start":{"line":145,"column":16},"end":{"line":145,"column":70},"skip":true},"48":{"start":{"line":149,"column":8},"end":{"line":149,"column":31},"skip":true},"49":{"start":{"line":150,"column":8},"end":{"line":150,"column":14},"skip":true},"50":{"start":{"line":158,"column":8},"end":{"line":158,"column":31},"skip":true},"51":{"start":{"line":160,"column":8},"end":{"line":160,"column":33},"skip":true},"52":{"start":{"line":161,"column":8},"end":{"line":161,"column":37},"skip":true},"53":{"start":{"line":162,"column":8},"end":{"line":162,"column":35},"skip":true},"54":{"start":{"line":164,"column":8},"end":{"line":164,"column":50},"skip":true},"55":{"start":{"line":166,"column":8},"end":{"line":256,"column":2},"skip":true},"56":{"start":{"line":258,"column":8},"end":{"line":286,"column":9},"skip":true},"57":{"start":{"line":259,"column":12},"end":{"line":269,"column":14},"skip":true},"58":{"start":{"line":271,"column":12},"end":{"line":285,"column":19},"skip":true},"59":{"start":{"line":274,"column":20},"end":{"line":274,"column":35},"skip":true},"60":{"start":{"line":275,"column":20},"end":{"line":284,"column":21},"skip":true},"61":{"start":{"line":277,"column":24},"end":{"line":277,"column":64},"skip":true},"62":{"start":{"line":279,"column":24},"end":{"line":279,"column":40},"skip":true},"63":{"start":{"line":281,"column":24},"end":{"line":281,"column":40},"skip":true},"64":{"start":{"line":283,"column":24},"end":{"line":283,"column":39},"skip":true},"65":{"start":{"line":288,"column":8},"end":{"line":290,"column":9},"skip":true},"66":{"start":{"line":289,"column":12},"end":{"line":289,"column":18},"skip":true},"67":{"start":{"line":291,"column":8},"end":{"line":293,"column":54},"skip":true},"68":{"start":{"line":296,"column":8},"end":{"line":301,"column":37},"skip":true},"69":{"start":{"line":303,"column":8},"end":{"line":303,"column":82},"skip":true},"70":{"start":{"line":306,"column":8},"end":{"line":308,"column":9},"skip":true},"71":{"start":{"line":307,"column":12},"end":{"line":307,"column":82},"skip":true},"72":{"start":{"line":310,"column":8},"end":{"line":312,"column":9},"skip":true},"73":{"start":{"line":311,"column":12},"end":{"line":311,"column":18},"skip":true},"74":{"start":{"line":313,"column":8},"end":{"line":313,"column":54},"skip":true},"75":{"start":{"line":314,"column":8},"end":{"line":314,"column":69},"skip":true},"76":{"start":{"line":315,"column":8},"end":{"line":323,"column":36},"skip":true},"77":{"start":{"line":316,"column":12},"end":{"line":316,"column":61},"skip":true},"78":{"start":{"line":317,"column":12},"end":{"line":320,"column":13},"skip":true},"79":{"start":{"line":318,"column":16},"end":{"line":318,"column":75},"skip":true},"80":{"start":{"line":319,"column":16},"end":{"line":319,"column":23},"skip":true},"81":{"start":{"line":321,"column":12},"end":{"line":321,"column":38},"skip":true},"82":{"start":{"line":322,"column":12},"end":{"line":322,"column":27},"skip":true},"83":{"start":{"line":324,"column":8},"end":{"line":324,"column":14},"skip":true}},"branchMap":{"1":{"line":39,"type":"binary-expr","locations":[{"start":{"line":39,"column":23},"end":{"line":39,"column":62}},{"start":{"line":40,"column":20},"end":{"line":40,"column":70}},{"start":{"line":41,"column":20},"end":{"line":41,"column":71}},{"start":{"line":42,"column":20},"end":{"line":42,"column":29}}]},"2":{"line":44,"type":"binary-expr","locations":[{"start":{"line":44,"column":23},"end":{"line":44,"column":37}},{"start":{"line":45,"column":20},"end":{"line":45,"column":61}},{"start":{"line":46,"column":20},"end":{"line":46,"column":70}},{"start":{"line":47,"column":20},"end":{"line":47,"column":26}}]},"3":{"line":51,"type":"cond-expr","locations":[{"start":{"line":52,"column":14},"end":{"line":52,"column":20}},{"start":{"line":53,"column":14},"end":{"line":53,"column":20}}]},"4":{"line":55,"type":"binary-expr","locations":[{"start":{"line":55,"column":16},"end":{"line":55,"column":44}},{"start":{"line":55,"column":49},"end":{"line":57,"column":43}}]},"5":{"line":55,"type":"cond-expr","locations":[{"start":{"line":56,"column":14},"end":{"line":56,"column":55}},{"start":{"line":57,"column":14},"end":{"line":57,"column":43}}]},"6":{"line":61,"type":"switch","locations":[{"start":{"line":68,"column":4},"end":{"line":150,"column":14},"skip":true},{"start":{"line":156,"column":4},"end":{"line":324,"column":14},"skip":true}]},"7":{"line":70,"type":"if","locations":[{"start":{"line":70,"column":12},"end":{"line":70,"column":12},"skip":true},{"start":{"line":70,"column":12},"end":{"line":70,"column":12},"skip":true}]},"8":{"line":70,"type":"binary-expr","locations":[{"start":{"line":70,"column":16},"end":{"line":70,"column":22},"skip":true},{"start":{"line":70,"column":27},"end":{"line":70,"column":32},"skip":true},{"start":{"line":71,"column":20},"end":{"line":71,"column":39},"skip":true},{"start":{"line":72,"column":20},"end":{"line":72,"column":49},"skip":true},{"start":{"line":73,"column":20},"end":{"line":73,"column":58},"skip":true},{"start":{"line":74,"column":20},"end":{"line":74,"column":69},"skip":true}]},"9":{"line":79,"type":"switch","locations":[{"start":{"line":80,"column":20},"end":{"line":80,"column":33},"skip":true},{"start":{"line":81,"column":20},"end":{"line":83,"column":30},"skip":true},{"start":{"line":84,"column":20},"end":{"line":85,"column":49},"skip":true}]},"10":{"line":89,"type":"switch","locations":[{"start":{"line":90,"column":12},"end":{"line":103,"column":22},"skip":true},{"start":{"line":105,"column":12},"end":{"line":106,"column":22},"skip":true}]},"11":{"line":89,"type":"binary-expr","locations":[{"start":{"line":89,"column":20},"end":{"line":89,"column":25},"skip":true},{"start":{"line":89,"column":29},"end":{"line":89,"column":48},"skip":true},{"start":{"line":89,"column":52},"end":{"line":89,"column":74},"skip":true}]},"12":{"line":92,"type":"if","locations":[{"start":{"line":92,"column":16},"end":{"line":92,"column":16},"skip":true},{"start":{"line":92,"column":16},"end":{"line":92,"column":16},"skip":true}]},"13":{"line":108,"type":"if","locations":[{"start":{"line":108,"column":12},"end":{"line":108,"column":12},"skip":true},{"start":{"line":108,"column":12},"end":{"line":108,"column":12},"skip":true}]},"14":{"line":108,"type":"binary-expr","locations":[{"start":{"line":108,"column":16},"end":{"line":108,"column":61},"skip":true},{"start":{"line":108,"column":66},"end":{"line":108,"column":72},"skip":true},{"start":{"line":108,"column":77},"end":{"line":108,"column":82},"skip":true},{"start":{"line":109,"column":20},"end":{"line":109,"column":39},"skip":true},{"start":{"line":110,"column":20},"end":{"line":110,"column":49},"skip":true},{"start":{"line":111,"column":20},"end":{"line":111,"column":58},"skip":true},{"start":{"line":112,"column":20},"end":{"line":112,"column":68},"skip":true}]},"15":{"line":129,"type":"if","locations":[{"start":{"line":129,"column":16},"end":{"line":129,"column":16},"skip":true},{"start":{"line":129,"column":16},"end":{"line":129,"column":16},"skip":true}]},"16":{"line":134,"type":"cond-expr","locations":[{"start":{"line":135,"column":26},"end":{"line":135,"column":29},"skip":true},{"start":{"line":136,"column":26},"end":{"line":136,"column":54},"skip":true}]},"17":{"line":164,"type":"binary-expr","locations":[{"start":{"line":164,"column":27},"end":{"line":164,"column":43},"skip":true},{"start":{"line":164,"column":47},"end":{"line":164,"column":49},"skip":true}]},"18":{"line":258,"type":"if","locations":[{"start":{"line":258,"column":8},"end":{"line":258,"column":8},"skip":true},{"start":{"line":258,"column":8},"end":{"line":258,"column":8},"skip":true}]},"19":{"line":275,"type":"switch","locations":[{"start":{"line":276,"column":20},"end":{"line":277,"column":64},"skip":true},{"start":{"line":278,"column":20},"end":{"line":279,"column":40},"skip":true},{"start":{"line":280,"column":20},"end":{"line":281,"column":40},"skip":true},{"start":{"line":282,"column":20},"end":{"line":283,"column":39},"skip":true}]},"20":{"line":288,"type":"if","locations":[{"start":{"line":288,"column":8},"end":{"line":288,"column":8},"skip":true},{"start":{"line":288,"column":8},"end":{"line":288,"column":8},"skip":true}]},"21":{"line":288,"type":"binary-expr","locations":[{"start":{"line":288,"column":12},"end":{"line":288,"column":40},"skip":true},{"start":{"line":288,"column":44},"end":{"line":288,"column":67},"skip":true}]},"22":{"line":292,"type":"binary-expr","locations":[{"start":{"line":292,"column":12},"end":{"line":292,"column":50},"skip":true},{"start":{"line":293,"column":12},"end":{"line":293,"column":53},"skip":true}]},"23":{"line":297,"type":"binary-expr","locations":[{"start":{"line":297,"column":12},"end":{"line":297,"column":69},"skip":true},{"start":{"line":298,"column":12},"end":{"line":301,"column":36},"skip":true}]},"24":{"line":303,"type":"binary-expr","locations":[{"start":{"line":303,"column":43},"end":{"line":303,"column":75},"skip":true},{"start":{"line":303,"column":79},"end":{"line":303,"column":81},"skip":true}]},"25":{"line":306,"type":"if","locations":[{"start":{"line":306,"column":8},"end":{"line":306,"column":8},"skip":true},{"start":{"line":306,"column":8},"end":{"line":306,"column":8},"skip":true}]},"26":{"line":310,"type":"if","locations":[{"start":{"line":310,"column":8},"end":{"line":310,"column":8},"skip":true},{"start":{"line":310,"column":8},"end":{"line":310,"column":8},"skip":true}]},"27":{"line":313,"type":"binary-expr","locations":[{"start":{"line":313,"column":27},"end":{"line":313,"column":43},"skip":true},{"start":{"line":313,"column":47},"end":{"line":313,"column":53},"skip":true}]},"28":{"line":317,"type":"if","locations":[{"start":{"line":317,"column":12},"end":{"line":317,"column":12},"skip":true},{"start":{"line":317,"column":12},"end":{"line":317,"column":12},"skip":true}]}},"code":["/*","example.js","","quickstart example","","instruction","    1. save this script as example.js","    2. run the shell command:","        $ npm install npmtest-sails.io.js && PORT=8081 node example.js","    3. play with the browser-demo on http://127.0.0.1:8081","*/","","","","/* istanbul instrument in package npmtest_sails_io_js */","/*jslint","    bitwise: true,","    browser: true,","    maxerr: 8,","    maxlen: 96,","    node: true,","    nomen: true,","    regexp: true,","    stupid: true","*/","(function () {","    'use strict';","    var local;","","","","    // run shared js-env code - init-before","    (function () {","        // init local","        local = {};","        // init modeJs","        local.modeJs = (function () {","            try {","                return typeof navigator.userAgent === 'string' &&","                    typeof document.querySelector('body') === 'object' &&","                    typeof XMLHttpRequest.prototype.open === 'function' &&","                    'browser';","            } catch (errorCaughtBrowser) {","                return module.exports &&","                    typeof process.versions.node === 'string' &&","                    typeof require('http').createServer === 'function' &&","                    'node';","            }","        }());","        // init global","        local.global = local.modeJs === 'browser'","            ? window","            : global;","        // init utility2_rollup","        local = local.global.utility2_rollup || (local.modeJs === 'browser'","            ? local.global.utility2_npmtest_sails_io_js","            : global.utility2_moduleExports);","        // export local","        local.global.local = local;","    }());","    switch (local.modeJs) {","","","","    // init-after","    // run browser js-env code - init-after","    /* istanbul ignore next */","    case 'browser':","        local.testRunBrowser = function (event) {","            if (!event || (event &&","                    event.currentTarget &&","                    event.currentTarget.className &&","                    event.currentTarget.className.includes &&","                    event.currentTarget.className.includes('onreset'))) {","                // reset output","                Array.from(","                    document.querySelectorAll('body > .resettable')","                ).forEach(function (element) {","                    switch (element.tagName) {","                    case 'INPUT':","                    case 'TEXTAREA':","                        element.value = '';","                        break;","                    default:","                        element.textContent = '';","                    }","                });","            }","            switch (event && event.currentTarget && event.currentTarget.id) {","            case 'testRunButton1':","                // show tests","                if (document.querySelector('#testReportDiv1').style.display === 'none') {","                    document.querySelector('#testReportDiv1').style.display = 'block';","                    document.querySelector('#testRunButton1').textContent =","                        'hide internal test';","                    local.modeTest = true;","                    local.testRunDefault(local);","                // hide tests","                } else {","                    document.querySelector('#testReportDiv1').style.display = 'none';","                    document.querySelector('#testRunButton1').textContent = 'run internal test';","                }","                break;","            // custom-case","            default:","                break;","            }","            if (document.querySelector('#inputTextareaEval1') && (!event || (event &&","                    event.currentTarget &&","                    event.currentTarget.className &&","                    event.currentTarget.className.includes &&","                    event.currentTarget.className.includes('oneval')))) {","                // try to eval input-code","                try {","                    /*jslint evil: true*/","                    eval(document.querySelector('#inputTextareaEval1').value);","                } catch (errorCaught) {","                    console.error(errorCaught);","                }","            }","        };","        // log stderr and stdout to #outputTextareaStdout1","        ['error', 'log'].forEach(function (key) {","            console[key + '_original'] = console[key];","            console[key] = function () {","                var element;","                console[key + '_original'].apply(console, arguments);","                element = document.querySelector('#outputTextareaStdout1');","                if (!element) {","                    return;","                }","                // append text to #outputTextareaStdout1","                element.value += Array.from(arguments).map(function (arg) {","                    return typeof arg === 'string'","                        ? arg","                        : JSON.stringify(arg, null, 4);","                }).join(' ') + '\\n';","                // scroll textarea to bottom","                element.scrollTop = element.scrollHeight;","            };","        });","        // init event-handling","        ['change', 'click', 'keyup'].forEach(function (event) {","            Array.from(document.querySelectorAll('.on' + event)).forEach(function (element) {","                element.addEventListener(event, local.testRunBrowser);","            });","        });","        // run tests","        local.testRunBrowser();","        break;","","","","    // run node js-env code - init-after","    /* istanbul ignore next */","    case 'node':","        // export local","        module.exports = local;","        // require modules","        local.fs = require('fs');","        local.http = require('http');","        local.url = require('url');","        // init assets","        local.assetsDict = local.assetsDict || {};","        /* jslint-ignore-begin */","        local.assetsDict['/assets.index.template.html'] = '\\","<!doctype html>\\n\\","<html lang=\"en\">\\n\\","<head>\\n\\","<meta charset=\"UTF-8\">\\n\\","<meta name=\"viewport\" content=\"width=device-width, initial-scale=1\">\\n\\","<title>{{env.npm_package_name}} (v{{env.npm_package_version}})</title>\\n\\","<style>\\n\\","/*csslint\\n\\","    box-sizing: false,\\n\\","    universal-selector: false\\n\\","*/\\n\\","* {\\n\\","    box-sizing: border-box;\\n\\","}\\n\\","body {\\n\\","    background: #dde;\\n\\","    font-family: Arial, Helvetica, sans-serif;\\n\\","    margin: 2rem;\\n\\","}\\n\\","body > * {\\n\\","    margin-bottom: 1rem;\\n\\","}\\n\\",".utility2FooterDiv {\\n\\","    margin-top: 20px;\\n\\","    text-align: center;\\n\\","}\\n\\","</style>\\n\\","<style>\\n\\","/*csslint\\n\\","*/\\n\\","textarea {\\n\\","    font-family: monospace;\\n\\","    height: 10rem;\\n\\","    width: 100%;\\n\\","}\\n\\","textarea[readonly] {\\n\\","    background: #ddd;\\n\\","}\\n\\","</style>\\n\\","</head>\\n\\","<body>\\n\\","<!-- utility2-comment\\n\\","<div id=\"ajaxProgressDiv1\" style=\"background: #d00; height: 2px; left: 0; margin: 0; padding: 0; position: fixed; top: 0; transition: background 0.5s, width 1.5s; width: 25%;\"></div>\\n\\","utility2-comment -->\\n\\","<h1>\\n\\","<!-- utility2-comment\\n\\","    <a\\n\\","        {{#if env.npm_package_homepage}}\\n\\","        href=\"{{env.npm_package_homepage}}\"\\n\\","        {{/if env.npm_package_homepage}}\\n\\","        target=\"_blank\"\\n\\","    >\\n\\","utility2-comment -->\\n\\","        {{env.npm_package_name}} (v{{env.npm_package_version}})\\n\\","<!-- utility2-comment\\n\\","    </a>\\n\\","utility2-comment -->\\n\\","</h1>\\n\\","<h3>{{env.npm_package_description}}</h3>\\n\\","<!-- utility2-comment\\n\\","<h4><a download href=\"assets.app.js\">download standalone app</a></h4>\\n\\","<button class=\"onclick onreset\" id=\"testRunButton1\">run internal test</button><br>\\n\\","<div id=\"testReportDiv1\" style=\"display: none;\"></div>\\n\\","utility2-comment -->\\n\\","\\n\\","\\n\\","\\n\\","<label>stderr and stdout</label>\\n\\","<textarea class=\"resettable\" id=\"outputTextareaStdout1\" readonly></textarea>\\n\\","<!-- utility2-comment\\n\\","{{#if isRollup}}\\n\\","<script src=\"assets.app.js\"></script>\\n\\","{{#unless isRollup}}\\n\\","utility2-comment -->\\n\\","<script src=\"assets.utility2.rollup.js\"></script>\\n\\","<script src=\"jsonp.utility2._stateInit?callback=window.utility2._stateInit\"></script>\\n\\","<script src=\"assets.npmtest_sails_io_js.rollup.js\"></script>\\n\\","<script src=\"assets.example.js\"></script>\\n\\","<script src=\"assets.test.js\"></script>\\n\\","<!-- utility2-comment\\n\\","{{/if isRollup}}\\n\\","utility2-comment -->\\n\\","<div class=\"utility2FooterDiv\">\\n\\","    [ this app was created with\\n\\","    <a href=\"https://github.com/kaizhu256/node-utility2\" target=\"_blank\">utility2</a>\\n\\","    ]\\n\\","</div>\\n\\","</body>\\n\\","</html>\\n\\","';","        /* jslint-ignore-end */","        if (local.templateRender) {","            local.assetsDict['/'] = local.templateRender(","                local.assetsDict['/assets.index.template.html'],","                {","                    env: local.objectSetDefault(local.env, {","                        npm_package_description: 'the greatest app in the world!',","                        npm_package_name: 'my-app',","                        npm_package_nameAlias: 'my_app',","                        npm_package_version: '0.0.1'","                    })","                }","            );","        } else {","            local.assetsDict['/'] = local.assetsDict['/assets.index.template.html']","                .replace((/\\{\\{env\\.(\\w+?)\\}\\}/g), function (match0, match1) {","                    // jslint-hack","                    String(match0);","                    switch (match1) {","                    case 'npm_package_description':","                        return 'the greatest app in the world!';","                    case 'npm_package_name':","                        return 'my-app';","                    case 'npm_package_nameAlias':","                        return 'my_app';","                    case 'npm_package_version':","                        return '0.0.1';","                    }","                });","        }","        // run the cli","        if (local.global.utility2_rollup || module !== require.main) {","            break;","        }","        local.assetsDict['/assets.example.js'] =","            local.assetsDict['/assets.example.js'] ||","            local.fs.readFileSync(__filename, 'utf8');","        // bug-workaround - long $npm_package_buildCustomOrg","        /* jslint-ignore-begin */","        local.assetsDict['/assets.npmtest_sails_io_js.rollup.js'] =","            local.assetsDict['/assets.npmtest_sails_io_js.rollup.js'] ||","            local.fs.readFileSync(","                local.npmtest_sails_io_js.__dirname + '/lib.npmtest_sails_io_js.js',","                'utf8'","            ).replace((/^#!/), '//');","        /* jslint-ignore-end */","        local.assetsDict['/favicon.ico'] = local.assetsDict['/favicon.ico'] || '';","        // if $npm_config_timeout_exit exists,","        // then exit this process after $npm_config_timeout_exit ms","        if (Number(process.env.npm_config_timeout_exit)) {","            setTimeout(process.exit, Number(process.env.npm_config_timeout_exit));","        }","        // start server","        if (local.global.utility2_serverHttp1) {","            break;","        }","        process.env.PORT = process.env.PORT || '8081';","        console.error('server starting on port ' + process.env.PORT);","        local.http.createServer(function (request, response) {","            request.urlParsed = local.url.parse(request.url);","            if (local.assetsDict[request.urlParsed.pathname] !== undefined) {","                response.end(local.assetsDict[request.urlParsed.pathname]);","                return;","            }","            response.statusCode = 404;","            response.end();","        }).listen(process.env.PORT);","        break;","    }","}());",""],"l":{"26":2,"28":2,"33":2,"35":2,"37":2,"38":2,"39":2,"44":1,"51":2,"55":2,"59":2,"61":2,"69":1,"70":2,"76":2,"79":2,"82":2,"83":2,"85":1,"89":2,"92":1,"93":1,"94":1,"96":1,"97":1,"100":1,"101":1,"103":1,"106":1,"108":2,"114":1,"116":1,"118":1,"123":1,"124":2,"125":2,"126":3,"127":3,"128":3,"129":3,"130":1,"133":3,"134":3,"139":3,"143":1,"144":3,"145":1,"149":1,"150":1,"158":1,"160":1,"161":1,"162":1,"164":1,"166":1,"258":1,"259":1,"271":1,"274":6,"275":6,"277":1,"279":2,"281":1,"283":2,"288":1,"289":1,"291":1,"296":1,"303":1,"306":1,"307":1,"310":1,"311":1,"313":1,"314":1,"315":1,"316":1,"317":1,"318":1,"319":1,"321":1,"322":1,"324":1}},"/home/travis/build/npmtest/node-npmtest-sails.io.js/node_modules/sails.io.js/sails.io.js":{"path":"/home/travis/build/npmtest/node-npmtest-sails.io.js/node_modules/sails.io.js/sails.io.js","s":{"1":1,"2":1,"3":1,"4":1,"5":1,"6":1,"7":1,"8":0,"9":1,"10":1,"11":1,"12":1,"13":0,"14":0,"15":1,"16":1,"17":1,"18":0,"19":0,"20":0,"21":0,"22":0,"23":0,"24":0,"25":0,"26":0,"27":0,"28":0,"29":0,"30":0,"31":0,"32":0,"33":0,"34":0,"35":0,"36":0,"37":0,"38":0,"39":0,"40":0,"41":0,"42":0,"43":0,"44":0,"45":0,"46":0,"47":1,"48":1,"49":0,"50":0,"51":0,"52":0,"53":0,"54":0,"55":0,"56":0,"57":0,"58":0,"59":0,"60":0,"61":1,"62":0,"63":0,"64":0,"65":0,"66":0,"67":0,"68":0,"69":0,"70":0,"71":0,"72":0,"73":0,"74":0,"75":1,"76":0,"77":0,"78":0,"79":0,"80":0,"81":0,"82":0,"83":0,"84":0,"85":1,"86":0,"87":0,"88":0,"89":0,"90":0,"91":0,"92":0,"93":0,"94":0,"95":0,"96":1,"97":0,"98":0,"99":0,"100":0,"101":0,"102":0,"103":0,"104":0,"105":0,"106":0,"107":0,"108":0,"109":0,"110":0,"111":0,"112":0,"113":1,"114":0,"115":0,"116":0,"117":0,"118":0,"119":0,"120":0,"121":0,"122":1,"123":0,"124":0,"125":0,"126":0,"127":0,"128":0,"129":0,"130":0,"131":0,"132":0,"133":0,"134":0,"135":0,"136":0,"137":0,"138":0,"139":0,"140":0,"141":0,"142":0,"143":0,"144":0,"145":0,"146":0,"147":0,"148":0,"149":0,"150":0,"151":0,"152":0,"153":0,"154":0,"155":0,"156":0,"157":0,"158":0,"159":0,"160":0,"161":0,"162":0,"163":0,"164":0,"165":0,"166":0,"167":0,"168":0,"169":0,"170":0,"171":0,"172":0,"173":0,"174":0,"175":0,"176":0,"177":0,"178":0,"179":0,"180":0,"181":0,"182":0,"183":0,"184":0,"185":0,"186":0,"187":0,"188":0,"189":0,"190":0,"191":0,"192":0,"193":0,"194":0,"195":0,"196":0,"197":0,"198":0,"199":0,"200":0,"201":0,"202":0,"203":0,"204":0,"205":0,"206":0,"207":0,"208":0,"209":0,"210":0,"211":0,"212":0,"213":0,"214":0,"215":0,"216":0,"217":0,"218":0,"219":0,"220":0,"221":0,"222":0,"223":0,"224":0,"225":0,"226":0,"227":0,"228":0,"229":0,"230":0,"231":0,"232":0,"233":0,"234":0,"235":0,"236":0,"237":0,"238":0,"239":0,"240":0,"241":0,"242":0,"243":0,"244":0,"245":0,"246":0,"247":0,"248":0,"249":0,"250":0,"251":0,"252":0,"253":0,"254":0,"255":0,"256":0,"257":0,"258":0,"259":0,"260":0,"261":0,"262":0,"263":0,"264":0,"265":0,"266":0,"267":0,"268":0,"269":0,"270":0,"271":0,"272":0,"273":0,"274":0,"275":0,"276":0,"277":0,"278":0,"279":0,"280":0,"281":0,"282":0,"283":0,"284":0,"285":0,"286":0,"287":0,"288":0,"289":0,"290":0,"291":0,"292":0,"293":0,"294":0,"295":0,"296":0,"297":0,"298":0,"299":0,"300":0,"301":0,"302":0,"303":0,"304":0,"305":0,"306":0,"307":0,"308":0,"309":0,"310":0,"311":0,"312":0,"313":0,"314":0,"315":0,"316":0,"317":0,"318":0,"319":0,"320":0,"321":0,"322":0,"323":0,"324":0,"325":0,"326":0,"327":0,"328":0,"329":0,"330":0,"331":0,"332":0,"333":0,"334":0,"335":0,"336":0,"337":0,"338":0,"339":0,"340":0,"341":0,"342":0,"343":0,"344":0,"345":0,"346":0,"347":0,"348":0,"349":0,"350":0,"351":0,"352":0,"353":1,"354":1,"355":0,"356":0,"357":0,"358":0},"b":{"1":[1,0],"2":[1,1],"3":[1,0],"4":[1,0,0],"5":[0,1],"6":[0,0],"7":[0,0],"8":[0,0],"9":[0,0],"10":[0,0],"11":[0,0],"12":[0,0],"13":[0,0],"14":[0,0],"15":[0,0],"16":[0,0],"17":[0,0],"18":[0,0],"19":[0,0],"20":[0,1],"21":[0,0],"22":[0,0],"23":[0,0],"24":[0,0],"25":[0,0],"26":[0,0],"27":[0,0],"28":[0,0,0],"29":[0,0],"30":[0,0],"31":[0,0],"32":[0,0],"33":[0,0],"34":[0,0],"35":[0,0],"36":[0,0],"37":[0,0],"38":[0,0],"39":[0,0],"40":[0,0],"41":[0,0],"42":[0,0],"43":[0,0],"44":[0,0],"45":[0,0],"46":[0,0],"47":[0,0,0,0],"48":[0,0],"49":[0,0,0],"50":[0,0],"51":[0,0,0,0],"52":[0,0],"53":[0,0],"54":[0,0],"55":[0,0],"56":[0,0],"57":[0,0],"58":[0,0],"59":[0,0],"60":[0,0],"61":[0,0],"62":[0,0],"63":[0,0],"64":[0,0],"65":[0,0],"66":[0,0],"67":[0,0],"68":[0,0],"69":[0,0],"70":[0,0],"71":[0,0],"72":[0,0],"73":[0,0],"74":[0,0],"75":[0,0],"76":[0,0],"77":[0,0],"78":[0,0],"79":[0,0],"80":[0,0],"81":[0,0],"82":[0,0],"83":[0,0],"84":[0,0],"85":[0,0],"86":[0,0],"87":[0,0],"88":[0,0],"89":[0,0],"90":[0,0],"91":[0,0],"92":[0,0],"93":[0,0],"94":[0,0],"95":[0,0],"96":[0,0],"97":[0,0],"98":[0,0],"99":[0,0],"100":[0,0],"101":[0,0],"102":[0,0],"103":[0,0],"104":[0,0],"105":[0,0],"106":[0,0],"107":[0,0],"108":[0,0],"109":[0,0],"110":[0,0],"111":[0,0,0],"112":[0,0],"113":[0,0],"114":[0,0],"115":[0,0],"116":[0,0],"117":[0,0],"118":[0,0],"119":[0,0,0],"120":[0,0],"121":[0,0],"122":[1,0],"123":[0,0],"124":[0,0]},"f":{"1":1,"2":1,"3":1,"4":0,"5":0,"6":0,"7":0,"8":0,"9":0,"10":0,"11":0,"12":0,"13":0,"14":0,"15":0,"16":0,"17":0,"18":0,"19":0,"20":0,"21":0,"22":0,"23":0,"24":0,"25":0,"26":0,"27":0,"28":0,"29":0,"30":0,"31":0,"32":0,"33":0,"34":0,"35":0,"36":0,"37":0,"38":0,"39":0,"40":0,"41":0,"42":0,"43":0,"44":0,"45":0,"46":0,"47":0,"48":0,"49":0,"50":0,"51":0,"52":0,"53":0,"54":0,"55":0,"56":0,"57":0},"fnMap":{"1":{"name":"(anonymous_1)","line":43,"loc":{"start":{"line":43,"column":1},"end":{"line":43,"column":12}}},"2":{"name":"(anonymous_2)","line":124,"loc":{"start":{"line":124,"column":15},"end":{"line":124,"column":26}}},"3":{"name":"(anonymous_3)","line":171,"loc":{"start":{"line":171,"column":23},"end":{"line":171,"column":34}}},"4":{"name":"(anonymous_4)","line":211,"loc":{"start":{"line":211,"column":39},"end":{"line":211,"column":59}}},"5":{"name":"(anonymous_5)","line":213,"loc":{"start":{"line":213,"column":36},"end":{"line":213,"column":47}}},"6":{"name":"SailsIOClient","line":343,"loc":{"start":{"line":343,"column":2},"end":{"line":343,"column":44}}},"7":{"name":"LoggerFactory","line":393,"loc":{"start":{"line":393,"column":4},"end":{"line":393,"column":36}}},"8":{"name":"noop","line":404,"loc":{"start":{"line":404,"column":15},"end":{"line":404,"column":31}}},"9":{"name":"log","line":407,"loc":{"start":{"line":407,"column":13},"end":{"line":407,"column":28}}},"10":{"name":"runRequestQueue","line":445,"loc":{"start":{"line":445,"column":4},"end":{"line":445,"column":38}}},"11":{"name":"jsonp","line":478,"loc":{"start":{"line":478,"column":4},"end":{"line":478,"column":29}}},"12":{"name":"(anonymous_12)","line":487,"loc":{"start":{"line":487,"column":33},"end":{"line":487,"column":52}}},"13":{"name":"JWR","line":532,"loc":{"start":{"line":532,"column":4},"end":{"line":532,"column":30}}},"14":{"name":"(anonymous_14)","line":556,"loc":{"start":{"line":556,"column":29},"end":{"line":556,"column":40}}},"15":{"name":"(anonymous_15)","line":562,"loc":{"start":{"line":562,"column":27},"end":{"line":562,"column":38}}},"16":{"name":"(anonymous_16)","line":569,"loc":{"start":{"line":569,"column":25},"end":{"line":569,"column":36}}},"17":{"name":"_emitFrom","line":591,"loc":{"start":{"line":591,"column":4},"end":{"line":591,"column":43}}},"18":{"name":"serverResponded","line":606,"loc":{"start":{"line":606,"column":50},"end":{"line":606,"column":88}}},"19":{"name":"SailsSocket","line":651,"loc":{"start":{"line":651,"column":4},"end":{"line":651,"column":31}}},"20":{"name":"(anonymous_20)","line":661,"loc":{"start":{"line":661,"column":29},"end":{"line":661,"column":46}}},"21":{"name":"(anonymous_21)","line":665,"loc":{"start":{"line":665,"column":15},"end":{"line":665,"column":26}}},"22":{"name":"(anonymous_22)","line":671,"loc":{"start":{"line":671,"column":15},"end":{"line":671,"column":31}}},"23":{"name":"(anonymous_23)","line":689,"loc":{"start":{"line":689,"column":29},"end":{"line":689,"column":46}}},"24":{"name":"(anonymous_24)","line":699,"loc":{"start":{"line":699,"column":34},"end":{"line":699,"column":48}}},"25":{"name":"(anonymous_25)","line":721,"loc":{"start":{"line":721,"column":37},"end":{"line":721,"column":48}}},"26":{"name":"(anonymous_26)","line":730,"loc":{"start":{"line":730,"column":29},"end":{"line":730,"column":46}}},"27":{"name":"(anonymous_27)","line":758,"loc":{"start":{"line":758,"column":23},"end":{"line":758,"column":34}}},"28":{"name":"(anonymous_28)","line":775,"loc":{"start":{"line":775,"column":30},"end":{"line":775,"column":41}}},"29":{"name":"(anonymous_29)","line":784,"loc":{"start":{"line":784,"column":26},"end":{"line":784,"column":37}}},"30":{"name":"selfInvoking","line":824,"loc":{"start":{"line":824,"column":7},"end":{"line":824,"column":33}}},"31":{"name":"goAheadAndActuallyConnect","line":854,"loc":{"start":{"line":854,"column":9},"end":{"line":854,"column":46}}},"32":{"name":"(anonymous_32)","line":861,"loc":{"start":{"line":861,"column":50},"end":{"line":861,"column":63}}},"33":{"name":"socketConnected","line":880,"loc":{"start":{"line":880,"column":27},"end":{"line":880,"column":54}}},"34":{"name":"(anonymous_34)","line":901,"loc":{"start":{"line":901,"column":30},"end":{"line":901,"column":41}}},"35":{"name":"(anonymous_35)","line":911,"loc":{"start":{"line":911,"column":32},"end":{"line":911,"column":54}}},"36":{"name":"(anonymous_36)","line":920,"loc":{"start":{"line":920,"column":29},"end":{"line":920,"column":62}}},"37":{"name":"failedToConnect","line":937,"loc":{"start":{"line":937,"column":25},"end":{"line":937,"column":55}}},"38":{"name":"(anonymous_38)","line":960,"loc":{"start":{"line":960,"column":38},"end":{"line":960,"column":49}}},"39":{"name":"(anonymous_39)","line":975,"loc":{"start":{"line":975,"column":39},"end":{"line":975,"column":50}}},"40":{"name":"(anonymous_40)","line":992,"loc":{"start":{"line":992,"column":40},"end":{"line":992,"column":52}}},"41":{"name":"(anonymous_41)","line":1008,"loc":{"start":{"line":1008,"column":41},"end":{"line":1008,"column":53}}},"42":{"name":"(anonymous_42)","line":1020,"loc":{"start":{"line":1020,"column":54},"end":{"line":1020,"column":65}}},"43":{"name":"(anonymous_43)","line":1028,"loc":{"start":{"line":1028,"column":35},"end":{"line":1028,"column":46}}},"44":{"name":"(anonymous_44)","line":1060,"loc":{"start":{"line":1060,"column":31},"end":{"line":1060,"column":52}}},"45":{"name":"(anonymous_45)","line":1086,"loc":{"start":{"line":1086,"column":32},"end":{"line":1086,"column":53}}},"46":{"name":"(anonymous_46)","line":1108,"loc":{"start":{"line":1108,"column":47},"end":{"line":1108,"column":58}}},"47":{"name":"(anonymous_47)","line":1133,"loc":{"start":{"line":1133,"column":32},"end":{"line":1133,"column":56}}},"48":{"name":"(anonymous_48)","line":1161,"loc":{"start":{"line":1161,"column":33},"end":{"line":1161,"column":57}}},"49":{"name":"(anonymous_49)","line":1189,"loc":{"start":{"line":1189,"column":32},"end":{"line":1189,"column":56}}},"50":{"name":"(anonymous_50)","line":1216,"loc":{"start":{"line":1216,"column":34},"end":{"line":1216,"column":58}}},"51":{"name":"(anonymous_51)","line":1242,"loc":{"start":{"line":1242,"column":38},"end":{"line":1242,"column":62}}},"52":{"name":"(anonymous_52)","line":1281,"loc":{"start":{"line":1281,"column":36},"end":{"line":1281,"column":58}}},"53":{"name":"(anonymous_53)","line":1382,"loc":{"start":{"line":1382,"column":37},"end":{"line":1382,"column":59}}},"54":{"name":"(anonymous_54)","line":1450,"loc":{"start":{"line":1450,"column":39},"end":{"line":1450,"column":59}}},"55":{"name":"(anonymous_55)","line":1479,"loc":{"start":{"line":1479,"column":23},"end":{"line":1479,"column":43}}},"56":{"name":"(anonymous_56)","line":1542,"loc":{"start":{"line":1542,"column":15},"end":{"line":1542,"column":26}}},"57":{"name":"(anonymous_57)","line":1587,"loc":{"start":{"line":1587,"column":15},"end":{"line":1587,"column":26}}}},"statementMap":{"1":{"start":{"line":43,"column":0},"end":{"line":1601,"column":5}},"2":{"start":{"line":61,"column":2},"end":{"line":77,"column":4}},"3":{"start":{"line":89,"column":2},"end":{"line":97,"column":4}},"4":{"start":{"line":108,"column":2},"end":{"line":112,"column":4}},"5":{"start":{"line":121,"column":2},"end":{"line":132,"column":4}},"6":{"start":{"line":125,"column":6},"end":{"line":130,"column":7}},"7":{"start":{"line":126,"column":8},"end":{"line":126,"column":22}},"8":{"start":{"line":129,"column":8},"end":{"line":129,"column":25}},"9":{"start":{"line":136,"column":2},"end":{"line":139,"column":66}},"10":{"start":{"line":171,"column":2},"end":{"line":184,"column":7}},"11":{"start":{"line":172,"column":4},"end":{"line":178,"column":5}},"12":{"start":{"line":177,"column":6},"end":{"line":177,"column":18}},"13":{"start":{"line":182,"column":4},"end":{"line":182,"column":82}},"14":{"start":{"line":183,"column":4},"end":{"line":183,"column":73}},"15":{"start":{"line":188,"column":2},"end":{"line":188,"column":39}},"16":{"start":{"line":189,"column":2},"end":{"line":189,"column":27}},"17":{"start":{"line":192,"column":2},"end":{"line":288,"column":3}},"18":{"start":{"line":194,"column":4},"end":{"line":194,"column":52}},"19":{"start":{"line":211,"column":4},"end":{"line":244,"column":7}},"20":{"start":{"line":213,"column":6},"end":{"line":239,"column":11}},"21":{"start":{"line":217,"column":8},"end":{"line":217,"column":74}},"22":{"start":{"line":218,"column":8},"end":{"line":220,"column":9}},"23":{"start":{"line":219,"column":10},"end":{"line":219,"column":64}},"24":{"start":{"line":225,"column":8},"end":{"line":238,"column":180}},"25":{"start":{"line":226,"column":10},"end":{"line":226,"column":83}},"26":{"start":{"line":226,"column":16},"end":{"line":226,"column":47}},"27":{"start":{"line":226,"column":62},"end":{"line":226,"column":81}},"28":{"start":{"line":231,"column":13},"end":{"line":238,"column":180}},"29":{"start":{"line":232,"column":10},"end":{"line":232,"column":27}},"30":{"start":{"line":238,"column":13},"end":{"line":238,"column":180}},"31":{"start":{"line":241,"column":6},"end":{"line":243,"column":7}},"32":{"start":{"line":242,"column":8},"end":{"line":242,"column":42}},"33":{"start":{"line":253,"column":4},"end":{"line":261,"column":5}},"34":{"start":{"line":254,"column":6},"end":{"line":260,"column":7}},"35":{"start":{"line":256,"column":8},"end":{"line":256,"column":43}},"36":{"start":{"line":258,"column":11},"end":{"line":260,"column":7}},"37":{"start":{"line":259,"column":8},"end":{"line":259,"column":218}},"38":{"start":{"line":265,"column":4},"end":{"line":269,"column":5}},"39":{"start":{"line":266,"column":6},"end":{"line":268,"column":7}},"40":{"start":{"line":267,"column":8},"end":{"line":267,"column":217}},"41":{"start":{"line":273,"column":4},"end":{"line":277,"column":5}},"42":{"start":{"line":274,"column":6},"end":{"line":276,"column":7}},"43":{"start":{"line":275,"column":8},"end":{"line":275,"column":394}},"44":{"start":{"line":281,"column":4},"end":{"line":285,"column":5}},"45":{"start":{"line":282,"column":6},"end":{"line":284,"column":7}},"46":{"start":{"line":283,"column":8},"end":{"line":283,"column":193}},"47":{"start":{"line":297,"column":2},"end":{"line":297,"column":77}},"48":{"start":{"line":343,"column":2},"end":{"line":1562,"column":3}},"49":{"start":{"line":349,"column":4},"end":{"line":349,"column":11}},"50":{"start":{"line":350,"column":4},"end":{"line":355,"column":5}},"51":{"start":{"line":351,"column":6},"end":{"line":351,"column":29}},"52":{"start":{"line":354,"column":6},"end":{"line":354,"column":35}},"53":{"start":{"line":360,"column":4},"end":{"line":369,"column":5}},"54":{"start":{"line":362,"column":6},"end":{"line":368,"column":7}},"55":{"start":{"line":363,"column":8},"end":{"line":363,"column":316}},"56":{"start":{"line":367,"column":8},"end":{"line":367,"column":367}},"57":{"start":{"line":373,"column":4},"end":{"line":382,"column":5}},"58":{"start":{"line":375,"column":6},"end":{"line":381,"column":7}},"59":{"start":{"line":376,"column":8},"end":{"line":376,"column":145}},"60":{"start":{"line":380,"column":8},"end":{"line":380,"column":198}},"61":{"start":{"line":393,"column":4},"end":{"line":424,"column":5}},"62":{"start":{"line":394,"column":6},"end":{"line":396,"column":8}},"63":{"start":{"line":399,"column":6},"end":{"line":405,"column":7}},"64":{"start":{"line":404,"column":8},"end":{"line":404,"column":34}},"65":{"start":{"line":407,"column":6},"end":{"line":423,"column":8}},"66":{"start":{"line":408,"column":8},"end":{"line":408,"column":57}},"67":{"start":{"line":411,"column":8},"end":{"line":411,"column":58}},"68":{"start":{"line":411,"column":51},"end":{"line":411,"column":58}},"69":{"start":{"line":414,"column":8},"end":{"line":414,"column":24}},"70":{"start":{"line":415,"column":8},"end":{"line":417,"column":9}},"71":{"start":{"line":416,"column":10},"end":{"line":416,"column":31}},"72":{"start":{"line":420,"column":8},"end":{"line":422,"column":29}},"73":{"start":{"line":427,"column":4},"end":{"line":427,"column":35}},"74":{"start":{"line":428,"column":4},"end":{"line":430,"column":7}},"75":{"start":{"line":445,"column":4},"end":{"line":466,"column":5}},"76":{"start":{"line":446,"column":6},"end":{"line":446,"column":38}},"77":{"start":{"line":448,"column":6},"end":{"line":448,"column":25}},"78":{"start":{"line":448,"column":18},"end":{"line":448,"column":25}},"79":{"start":{"line":449,"column":6},"end":{"line":462,"column":7}},"80":{"start":{"line":455,"column":8},"end":{"line":455,"column":69}},"81":{"start":{"line":456,"column":8},"end":{"line":461,"column":9}},"82":{"start":{"line":458,"column":10},"end":{"line":458,"column":37}},"83":{"start":{"line":460,"column":10},"end":{"line":460,"column":52}},"84":{"start":{"line":465,"column":6},"end":{"line":465,"column":33}},"85":{"start":{"line":478,"column":4},"end":{"line":500,"column":5}},"86":{"start":{"line":479,"column":6},"end":{"line":479,"column":24}},"87":{"start":{"line":481,"column":6},"end":{"line":484,"column":7}},"88":{"start":{"line":483,"column":8},"end":{"line":483,"column":20}},"89":{"start":{"line":486,"column":6},"end":{"line":486,"column":54}},"90":{"start":{"line":487,"column":6},"end":{"line":496,"column":8}},"91":{"start":{"line":491,"column":8},"end":{"line":493,"column":9}},"92":{"start":{"line":492,"column":12},"end":{"line":492,"column":54}},"93":{"start":{"line":495,"column":8},"end":{"line":495,"column":21}},"94":{"start":{"line":497,"column":6},"end":{"line":497,"column":30}},"95":{"start":{"line":498,"column":6},"end":{"line":498,"column":69}},"96":{"start":{"line":532,"column":4},"end":{"line":555,"column":5}},"97":{"start":{"line":533,"column":6},"end":{"line":533,"column":35}},"98":{"start":{"line":534,"column":6},"end":{"line":534,"column":47}},"99":{"start":{"line":535,"column":6},"end":{"line":535,"column":103}},"100":{"start":{"line":538,"column":6},"end":{"line":554,"column":7}},"101":{"start":{"line":540,"column":8},"end":{"line":540,"column":16}},"102":{"start":{"line":541,"column":8},"end":{"line":550,"column":9}},"103":{"start":{"line":542,"column":10},"end":{"line":542,"column":45}},"104":{"start":{"line":545,"column":10},"end":{"line":545,"column":78}},"105":{"start":{"line":546,"column":10},"end":{"line":546,"column":75}},"106":{"start":{"line":553,"column":8},"end":{"line":553,"column":36}},"107":{"start":{"line":556,"column":4},"end":{"line":561,"column":6}},"108":{"start":{"line":557,"column":6},"end":{"line":560,"column":29}},"109":{"start":{"line":562,"column":4},"end":{"line":568,"column":6}},"110":{"start":{"line":563,"column":6},"end":{"line":567,"column":8}},"111":{"start":{"line":569,"column":4},"end":{"line":572,"column":6}},"112":{"start":{"line":571,"column":6},"end":{"line":571,"column":77}},"113":{"start":{"line":591,"column":4},"end":{"line":613,"column":5}},"114":{"start":{"line":593,"column":6},"end":{"line":595,"column":7}},"115":{"start":{"line":594,"column":8},"end":{"line":594,"column":82}},"116":{"start":{"line":599,"column":6},"end":{"line":599,"column":29}},"117":{"start":{"line":600,"column":6},"end":{"line":600,"column":27}},"118":{"start":{"line":604,"column":6},"end":{"line":604,"column":44}},"119":{"start":{"line":606,"column":6},"end":{"line":612,"column":9}},"120":{"start":{"line":609,"column":8},"end":{"line":611,"column":9}},"121":{"start":{"line":610,"column":10},"end":{"line":610,"column":53}},"122":{"start":{"line":651,"column":4},"end":{"line":711,"column":5}},"123":{"start":{"line":652,"column":6},"end":{"line":652,"column":22}},"124":{"start":{"line":653,"column":6},"end":{"line":653,"column":22}},"125":{"start":{"line":656,"column":6},"end":{"line":656,"column":33}},"126":{"start":{"line":657,"column":6},"end":{"line":657,"column":46}},"127":{"start":{"line":660,"column":6},"end":{"line":660,"column":21}},"128":{"start":{"line":661,"column":6},"end":{"line":684,"column":9}},"129":{"start":{"line":663,"column":8},"end":{"line":663,"column":42}},"130":{"start":{"line":663,"column":34},"end":{"line":663,"column":41}},"131":{"start":{"line":664,"column":8},"end":{"line":683,"column":11}},"132":{"start":{"line":666,"column":12},"end":{"line":668,"column":13}},"133":{"start":{"line":667,"column":14},"end":{"line":667,"column":86}},"134":{"start":{"line":669,"column":12},"end":{"line":669,"column":33}},"135":{"start":{"line":673,"column":12},"end":{"line":675,"column":13}},"136":{"start":{"line":674,"column":14},"end":{"line":674,"column":100}},"137":{"start":{"line":677,"column":12},"end":{"line":680,"column":13}},"138":{"start":{"line":678,"column":14},"end":{"line":678,"column":48}},"139":{"start":{"line":679,"column":14},"end":{"line":679,"column":105}},"140":{"start":{"line":681,"column":12},"end":{"line":681,"column":34}},"141":{"start":{"line":689,"column":6},"end":{"line":691,"column":9}},"142":{"start":{"line":690,"column":8},"end":{"line":690,"column":36}},"143":{"start":{"line":694,"column":6},"end":{"line":694,"column":27}},"144":{"start":{"line":699,"column":6},"end":{"line":702,"column":9}},"145":{"start":{"line":700,"column":8},"end":{"line":700,"column":159}},"146":{"start":{"line":701,"column":8},"end":{"line":701,"column":39}},"147":{"start":{"line":721,"column":4},"end":{"line":953,"column":6}},"148":{"start":{"line":722,"column":6},"end":{"line":722,"column":22}},"149":{"start":{"line":724,"column":6},"end":{"line":724,"column":32}},"150":{"start":{"line":730,"column":6},"end":{"line":734,"column":9}},"151":{"start":{"line":731,"column":8},"end":{"line":733,"column":9}},"152":{"start":{"line":732,"column":10},"end":{"line":732,"column":42}},"153":{"start":{"line":737,"column":6},"end":{"line":737,"column":62}},"154":{"start":{"line":740,"column":6},"end":{"line":744,"column":7}},"155":{"start":{"line":741,"column":8},"end":{"line":743,"column":9}},"156":{"start":{"line":742,"column":10},"end":{"line":742,"column":85}},"157":{"start":{"line":747,"column":6},"end":{"line":747,"column":70}},"158":{"start":{"line":751,"column":6},"end":{"line":752,"column":54}},"159":{"start":{"line":751,"column":42},"end":{"line":751,"column":78}},"160":{"start":{"line":752,"column":11},"end":{"line":752,"column":54}},"161":{"start":{"line":758,"column":6},"end":{"line":820,"column":11}},"162":{"start":{"line":767,"column":8},"end":{"line":769,"column":9}},"163":{"start":{"line":768,"column":10},"end":{"line":768,"column":23}},"164":{"start":{"line":772,"column":8},"end":{"line":772,"column":59}},"165":{"start":{"line":772,"column":44},"end":{"line":772,"column":57}},"166":{"start":{"line":775,"column":8},"end":{"line":782,"column":13}},"167":{"start":{"line":776,"column":10},"end":{"line":779,"column":22}},"168":{"start":{"line":777,"column":12},"end":{"line":777,"column":80}},"169":{"start":{"line":780,"column":10},"end":{"line":780,"column":55}},"170":{"start":{"line":781,"column":10},"end":{"line":781,"column":32}},"171":{"start":{"line":783,"column":8},"end":{"line":783,"column":53}},"172":{"start":{"line":784,"column":8},"end":{"line":790,"column":13}},"173":{"start":{"line":785,"column":10},"end":{"line":788,"column":21}},"174":{"start":{"line":786,"column":12},"end":{"line":786,"column":68}},"175":{"start":{"line":789,"column":10},"end":{"line":789,"column":44}},"176":{"start":{"line":791,"column":8},"end":{"line":791,"column":74}},"177":{"start":{"line":796,"column":8},"end":{"line":798,"column":9}},"178":{"start":{"line":797,"column":10},"end":{"line":797,"column":22}},"179":{"start":{"line":802,"column":8},"end":{"line":802,"column":89}},"180":{"start":{"line":803,"column":8},"end":{"line":805,"column":9}},"181":{"start":{"line":804,"column":10},"end":{"line":804,"column":22}},"182":{"start":{"line":809,"column":8},"end":{"line":809,"column":69}},"183":{"start":{"line":810,"column":8},"end":{"line":810,"column":87}},"184":{"start":{"line":813,"column":8},"end":{"line":815,"column":9}},"185":{"start":{"line":814,"column":10},"end":{"line":814,"column":22}},"186":{"start":{"line":818,"column":8},"end":{"line":818,"column":21}},"187":{"start":{"line":824,"column":6},"end":{"line":951,"column":9}},"188":{"start":{"line":834,"column":8},"end":{"line":836,"column":9}},"189":{"start":{"line":835,"column":10},"end":{"line":835,"column":22}},"190":{"start":{"line":840,"column":8},"end":{"line":840,"column":40}},"191":{"start":{"line":841,"column":8},"end":{"line":846,"column":9}},"192":{"start":{"line":842,"column":10},"end":{"line":842,"column":59}},"193":{"start":{"line":845,"column":10},"end":{"line":845,"column":45}},"194":{"start":{"line":849,"column":8},"end":{"line":852,"column":15}},"195":{"start":{"line":858,"column":8},"end":{"line":858,"column":39}},"196":{"start":{"line":861,"column":8},"end":{"line":870,"column":11}},"197":{"start":{"line":862,"column":10},"end":{"line":869,"column":11}},"198":{"start":{"line":863,"column":12},"end":{"line":863,"column":102}},"199":{"start":{"line":864,"column":12},"end":{"line":864,"column":101}},"200":{"start":{"line":865,"column":12},"end":{"line":865,"column":92}},"201":{"start":{"line":866,"column":12},"end":{"line":866,"column":101}},"202":{"start":{"line":867,"column":12},"end":{"line":867,"column":77}},"203":{"start":{"line":868,"column":12},"end":{"line":868,"column":102}},"204":{"start":{"line":873,"column":8},"end":{"line":873,"column":22}},"205":{"start":{"line":880,"column":8},"end":{"line":899,"column":11}},"206":{"start":{"line":881,"column":10},"end":{"line":881,"column":37}},"207":{"start":{"line":882,"column":10},"end":{"line":898,"column":12}},"208":{"start":{"line":901,"column":8},"end":{"line":909,"column":11}},"209":{"start":{"line":902,"column":10},"end":{"line":902,"column":64}},"210":{"start":{"line":903,"column":10},"end":{"line":903,"column":59}},"211":{"start":{"line":904,"column":10},"end":{"line":904,"column":58}},"212":{"start":{"line":905,"column":10},"end":{"line":907,"column":59}},"213":{"start":{"line":908,"column":10},"end":{"line":908,"column":59}},"214":{"start":{"line":911,"column":8},"end":{"line":918,"column":11}},"215":{"start":{"line":912,"column":10},"end":{"line":917,"column":12}},"216":{"start":{"line":920,"column":8},"end":{"line":932,"column":11}},"217":{"start":{"line":921,"column":10},"end":{"line":923,"column":11}},"218":{"start":{"line":922,"column":12},"end":{"line":922,"column":65}},"219":{"start":{"line":924,"column":10},"end":{"line":924,"column":94}},"220":{"start":{"line":925,"column":10},"end":{"line":925,"column":62}},"221":{"start":{"line":926,"column":10},"end":{"line":931,"column":12}},"222":{"start":{"line":937,"column":8},"end":{"line":950,"column":11}},"223":{"start":{"line":938,"column":10},"end":{"line":938,"column":37}},"224":{"start":{"line":946,"column":10},"end":{"line":949,"column":12}},"225":{"start":{"line":960,"column":4},"end":{"line":968,"column":6}},"226":{"start":{"line":961,"column":6},"end":{"line":963,"column":7}},"227":{"start":{"line":962,"column":8},"end":{"line":962,"column":72}},"228":{"start":{"line":964,"column":6},"end":{"line":966,"column":7}},"229":{"start":{"line":965,"column":8},"end":{"line":965,"column":71}},"230":{"start":{"line":967,"column":6},"end":{"line":967,"column":29}},"231":{"start":{"line":975,"column":4},"end":{"line":981,"column":6}},"232":{"start":{"line":976,"column":6},"end":{"line":976,"column":33}},"233":{"start":{"line":977,"column":6},"end":{"line":979,"column":7}},"234":{"start":{"line":978,"column":8},"end":{"line":978,"column":77}},"235":{"start":{"line":980,"column":6},"end":{"line":980,"column":36}},"236":{"start":{"line":992,"column":4},"end":{"line":998,"column":6}},"237":{"start":{"line":993,"column":6},"end":{"line":995,"column":7}},"238":{"start":{"line":994,"column":8},"end":{"line":994,"column":21}},"239":{"start":{"line":997,"column":6},"end":{"line":997,"column":35}},"240":{"start":{"line":1008,"column":4},"end":{"line":1010,"column":6}},"241":{"start":{"line":1009,"column":6},"end":{"line":1009,"column":32}},"242":{"start":{"line":1020,"column":4},"end":{"line":1022,"column":6}},"243":{"start":{"line":1021,"column":6},"end":{"line":1021,"column":45}},"244":{"start":{"line":1028,"column":4},"end":{"line":1050,"column":6}},"245":{"start":{"line":1029,"column":6},"end":{"line":1029,"column":22}},"246":{"start":{"line":1033,"column":6},"end":{"line":1037,"column":7}},"247":{"start":{"line":1034,"column":8},"end":{"line":1036,"column":9}},"248":{"start":{"line":1035,"column":10},"end":{"line":1035,"column":59}},"249":{"start":{"line":1041,"column":6},"end":{"line":1047,"column":7}},"250":{"start":{"line":1042,"column":8},"end":{"line":1042,"column":68}},"251":{"start":{"line":1046,"column":8},"end":{"line":1046,"column":30}},"252":{"start":{"line":1049,"column":6},"end":{"line":1049,"column":18}},"253":{"start":{"line":1060,"column":4},"end":{"line":1077,"column":6}},"254":{"start":{"line":1063,"column":6},"end":{"line":1066,"column":7}},"255":{"start":{"line":1064,"column":8},"end":{"line":1064,"column":33}},"256":{"start":{"line":1065,"column":8},"end":{"line":1065,"column":20}},"257":{"start":{"line":1069,"column":6},"end":{"line":1074,"column":7}},"258":{"start":{"line":1070,"column":8},"end":{"line":1070,"column":39}},"259":{"start":{"line":1073,"column":8},"end":{"line":1073,"column":41}},"260":{"start":{"line":1076,"column":6},"end":{"line":1076,"column":18}},"261":{"start":{"line":1086,"column":4},"end":{"line":1100,"column":6}},"262":{"start":{"line":1089,"column":6},"end":{"line":1092,"column":7}},"263":{"start":{"line":1090,"column":8},"end":{"line":1090,"column":34}},"264":{"start":{"line":1091,"column
[...]
    * e.g.","     *    `socket.post('/event', newMeeting, $spinner.hide)`","     *","     * @api public","     * @param {String} url    ::    destination URL","     * @param {Object} data   ::    parameters to send with the request [optional]","     * @param {Function} cb   ::    callback function to call when finished [optional]","     */","","    SailsSocket.prototype.post = function(url, data, cb) {","","      // `data` is optional","      if (typeof data === 'function') {","        cb = data;","        data = {};","      }","","      return this.request({","        method: 'post',","        data: data,","        url: url","      }, cb);","    };","","","","    /**","     * Simulate a PUT request to sails","     * e.g.","     *    `socket.post('/event/3', changedFields, $spinner.hide)`","     *","     * @api public","     * @param {String} url    ::    destination URL","     * @param {Object} data   ::    parameters to send with the request [optional]","     * @param {Function} cb   ::    callback function to call when finished [optional]","     */","","    SailsSocket.prototype.put = function(url, data, cb) {","","      // `data` is optional","      if (typeof data === 'function') {","        cb = data;","        data = {};","      }","","      return this.request({","        method: 'put',","        params: data,","        url: url","      }, cb);","    };","","","    /**","     * Simulate a PATCH request to sails","     * e.g.","     *    `socket.patch('/event/3', changedFields, $spinner.hide)`","     *","     * @api public","     * @param {String} url    ::    destination URL","     * @param {Object} data   ::    parameters to send with the request [optional]","     * @param {Function} cb   ::    callback function to call when finished [optional]","     */","","    SailsSocket.prototype.patch = function(url, data, cb) {","","      // `data` is optional","      if (typeof data === 'function') {","        cb = data;","        data = {};","      }","","      return this.request({","        method: 'patch',","        params: data,","        url: url","      }, cb);","    };","","    /**","     * Simulate a DELETE request to sails","     * e.g.","     *    `socket.delete('/event', $spinner.hide)`","     *","     * @api public","     * @param {String} url    ::    destination URL","     * @param {Object} data   ::    parameters to send with the request [optional]","     * @param {Function} cb   ::    callback function to call when finished [optional]","     */","","    SailsSocket.prototype['delete'] = function(url, data, cb) {","","      // `data` is optional","      if (typeof data === 'function') {","        cb = data;","        data = {};","      }","","      return this.request({","        method: 'delete',","        params: data,","        url: url","      }, cb);","    };","","","","    /**","     * Simulate an HTTP request to sails","     * e.g.","     * ```","     * socket.request({","     *   url:'/user',","     *   params: {},","     *   method: 'POST',","     *   headers: {}","     * }, function (responseBody, JWR) {","     *   // ...","     * });","     * ```","     *","     * @api public","     * @option {String} url    ::    destination URL","     * @option {Object} params ::    parameters to send with the request [optional]","     * @option {Object} headers::    headers to send with the request [optional]","     * @option {Function} cb   ::    callback function to call when finished [optional]","     * @option {String} method ::    HTTP request method [optional]","     */","","    SailsSocket.prototype.request = function(options, cb) {","","      var usage =","      'Usage:\\n'+","      'socket.request( options, [fnToCallWhenComplete] )\\n\\n'+","      'options.url :: e.g. \"/foo/bar\"'+'\\n'+","      'options.method :: e.g. \"get\", \"post\", \"put\", or \"delete\", etc.'+'\\n'+","      'options.params :: e.g. { emailAddress: \"mike@example.com\" }'+'\\n'+","      'options.headers :: e.g. { \"x-my-custom-header\": \"some string\" }';","      // Old usage:","      // var usage = 'Usage:\\n socket.'+(options.method||'request')+'('+","      //   ' destinationURL, [dataToSend], [fnToCallWhenComplete] )';","","","      // Validate options and callback","      if (typeof cb !== 'undefined' && typeof cb !== 'function') {","        throw new Error('Invalid callback function!\\n' + usage);","      }","      if (typeof options !== 'object' || typeof options.url !== 'string') {","        throw new Error('Invalid or missing URL!\\n' + usage);","      }","      if (options.method && typeof options.method !== 'string') {","        throw new Error('Invalid `method` provided (should be a string like \"post\" or \"put\")\\n' + usage);","      }","      if (options.headers && typeof options.headers !== 'object') {","        throw new Error('Invalid `headers` provided (should be a dictionary with string values)\\n' + usage);","      }","      if (options.params && typeof options.params !== 'object') {","        throw new Error('Invalid `params` provided (should be a dictionary with JSON-serializable values)\\n' + usage);","      }","      if (options.data && typeof options.data !== 'object') {","        throw new Error('Invalid `data` provided (should be a dictionary with JSON-serializable values)\\n' + usage);","      }","","      // Accept either `params` or `data` for backwards compatibility (but not both!)","      if (options.data && options.params) {","        throw new Error('Cannot specify both `params` and `data`!  They are aliases of each other.\\n' + usage);","      }","      else if (options.data) {","        options.params = options.data;","        delete options.data;","      }","","","      // If this socket is not connected yet, queue up this request","      // instead of sending it.","      // (so it can be replayed when the socket comes online.)","      if ( ! this.isConnected() ) {","","        // If no queue array exists for this socket yet, create it.","        this.requestQueue = this.requestQueue || [];","        this.requestQueue.push([options, cb]);","        return;","      }","","      // Otherwise, our socket is connected, so continue prepping","      // the request.","","      // Default headers to an empty object","      options.headers = options.headers || {};","","      // Build a simulated request object","      // (and sanitize/marshal options along the way)","      var requestCtx = {","","        method: (options.method || 'get').toLowerCase(),","","        headers: options.headers,","","        data: options.params || options.data || {},","","        // Remove trailing slashes and spaces to make packets smaller.","        url: options.url.replace(/^(.+)\\/*\\s*$/, '$1'),","","        cb: cb","      };","","      // Merge global headers in, if there are any.","      if (this.headers && 'object' === typeof this.headers) {","        for (var header in this.headers) {","          if (!options.headers.hasOwnProperty(header)) {","            options.headers[header] = this.headers[header];","          }","        }","      }","","      // Send the request.","      _emitFrom(this, requestCtx);","    };","","","","    /**","     * Socket.prototype._request","     *","     * Simulate HTTP over Socket.io.","     *","     * @api private","     * @param  {[type]}   options [description]","     * @param  {Function} cb      [description]","     */","    SailsSocket.prototype._request = function(options, cb) {","      throw new Error('`_request()` was a private API deprecated as of v0.11 of the sails.io.js client. Use `.request()` instead.');","    };","","","","","","","","    //  ██╗ ██████╗    ███████╗ █████╗ ██╗██╗     ███████╗","    //  ██║██╔═══██╗   ██╔════╝██╔══██╗██║██║     ██╔════╝","    //  ██║██║   ██║   ███████╗███████║██║██║     ███████╗","    //  ██║██║   ██║   ╚════██║██╔══██║██║██║     ╚════██║","    //  ██║╚██████╔╝██╗███████║██║  ██║██║███████╗███████║","    //  ╚═╝ ╚═════╝ ╚═╝╚══════╝╚═╝  ╚═╝╚═╝╚══════╝╚══════╝","    //","    // Set an `io.sails` object that may be used for configuration before the","    // first socket connects (i.e. to allow auto-connect behavior to be","    // prevented by setting `io.sails.autoConnect` in an inline script","    // directly after the script tag which loaded this file).","","","    //  ┌─┐┌─┐┌┬┐  ┬ ┬┌─┐  ╔╦╗╔═╗╔═╗╔═╗╦ ╦╦ ╔╦╗╔═╗  ┌─┐┌─┐┬─┐  ┬┌─┐ ┌─┐┌─┐┬┬  ┌─┐","    //  └─┐├┤  │   │ │├─┘   ║║║╣ ╠╣ ╠═╣║ ║║  ║ ╚═╗  ├┤ │ │├┬┘  ││ │ └─┐├─┤││  └─┐","    //  └─┘└─┘ ┴   └─┘┴    ═╩╝╚═╝╚  ╩ ╩╚═╝╩═╝╩ ╚═╝  └  └─┘┴└─  ┴└─┘o└─┘┴ ┴┴┴─┘└─┘","    io.sails = {","","      // Whether to automatically connect a socket and save it as `io.socket`.","      autoConnect: true,","","      // Whether to automatically try to reconnect after connection is lost","      reconnection: false,","","      // The route (path) to hit to get a x-origin (CORS) cookie","      // (or true to use the default: '/__getcookie')","      useCORSRouteToGetCookie: true,","","      // The environment we're running in.","      // (logs are not displayed when this is set to 'production')","      //","      // Defaults to development unless this script was fetched from a URL","      // that ends in `*.min.js` or '#production' (may also be manually overridden.)","      //","      environment: urlThisScriptWasFetchedFrom.match(/(\\#production|\\.min\\.js)/g) ? 'production' : 'development',","","      // The version of this sails.io.js client SDK","      sdk: SDK_INFO,","","      // Transports to use when communicating with the server, in the order they will be tried","      transports: ['websocket']","    };","","","","    //  ┌─┐─┐ ┬┌┬┐┌─┐┌┐┌┌┬┐  ┬┌─┐ ┌─┐┌─┐┬┬  ┌─┐  ┌┬┐┌─┐┌─┐┌─┐┬ ┬┬ ┌┬┐┌─┐","    //  ├┤ ┌┴┬┘ │ ├┤ │││ ││  ││ │ └─┐├─┤││  └─┐   ││├┤ ├┤ ├─┤│ ││  │ └─┐","    //  └─┘┴ └─ ┴ └─┘┘└┘─┴┘  ┴└─┘o└─┘┴ ┴┴┴─┘└─┘  ─┴┘└─┘└  ┴ ┴└─┘┴─┘┴ └─┘","    //  ┬ ┬┬┌┬┐┬ ┬  ┌┬┐┬ ┬┌─┐  ╦ ╦╔╦╗╔╦╗╦    ╔═╗╔╦╗╔╦╗╦═╗╦╔╗ ╦ ╦╔╦╗╔═╗╔═╗","    //  ││││ │ ├─┤   │ ├─┤├┤   ╠═╣ ║ ║║║║    ╠═╣ ║  ║ ╠╦╝║╠╩╗║ ║ ║ ║╣ ╚═╗","    //  └┴┘┴ ┴ ┴ ┴   ┴ ┴ ┴└─┘  ╩ ╩ ╩ ╩ ╩╩═╝  ╩ ╩ ╩  ╩ ╩╚═╩╚═╝╚═╝ ╩ ╚═╝╚═╝","    //  ┌─┐┬─┐┌─┐┌┬┐  ┌┬┐┬ ┬┌─┐  ┌─┐┌─┐┬─┐┬┌─┐┌┬┐  ┌┬┐┌─┐┌─┐","    //  ├┤ ├┬┘│ ││││   │ ├─┤├┤   └─┐│  ├┬┘│├─┘ │    │ ├─┤│ ┬","    //  └  ┴└─└─┘┴ ┴   ┴ ┴ ┴└─┘  └─┘└─┘┴└─┴┴   ┴    ┴ ┴ ┴└─┘","    //","    // Now fold in config provided as HTML attributes on the script tag:","    // (note that if `io.sails.*` is changed after this script, those changes","    //  will still take precedence)","    CONFIGURABLE_VIA_HTML_ATTR.forEach(function (configKey){","      if (typeof scriptTagConfig[configKey] !== 'undefined') {","        io.sails[configKey] = scriptTagConfig[configKey];","      }","    });","    //////////////////////////////////////////////////////////////////////////////","    // Note that the new HTML attribute configuration style may eventually","    // completely replace the original approach of setting `io.sails` properties,","    // since the new strategy is easier to reason about.  Also, it would allow us","    // to remove the timeout below someday.","    //////////////////////////////////////////////////////////////////////////////","","","","","    //  ┬┌─┐ ┌─┐┌─┐┬┬  ┌─┐ ╔═╗╔═╗╔╗╔╔╗╔╔═╗╔═╗╔╦╗  /  \\","    //  ││ │ └─┐├─┤││  └─┐ ║  ║ ║║║║║║║║╣ ║   ║  /   /","    //  ┴└─┘o└─┘┴ ┴┴┴─┘└─┘o╚═╝╚═╝╝╚╝╝╚╝╚═╝╚═╝ ╩  \\  /","","    /**","     * Add `io.sails.connect` function as a wrapper for the built-in `io()` aka `io.connect()`","     * method, returning a SailsSocket. This special function respects the configured io.sails","     * connection URL, as well as sending other identifying information (most importantly, the","     * current version of this SDK).","     *","     * @param  {String} url  [optional]","     * @param  {Object} opts [optional]","     * @return {Socket}","     */","    io.sails.connect = function(url, opts) {","","      // Make URL optional","      if ('object' === typeof url) {","        opts = url;","        url = null;","      }","","      // Default opts to empty object","      opts = opts || {};","","      // If explicit connection url is specified, save it to options","      opts.url = url || opts.url || undefined;","","      // Instantiate and return a new SailsSocket- and try to connect immediately.","      var socket = new SailsSocket(opts);","      socket._connect();","      return socket;","    };","","","","","","","    //  ██╗ ██████╗    ███████╗ ██████╗  ██████╗██╗  ██╗███████╗████████╗","    //  ██║██╔═══██╗   ██╔════╝██╔═══██╗██╔════╝██║ ██╔╝██╔════╝╚══██╔══╝","    //  ██║██║   ██║   ███████╗██║   ██║██║     █████╔╝ █████╗     ██║","    //  ██║██║   ██║   ╚════██║██║   ██║██║     ██╔═██╗ ██╔══╝     ██║","    //  ██║╚██████╔╝██╗███████║╚██████╔╝╚██████╗██║  ██╗███████╗   ██║","    //  ╚═╝ ╚═════╝ ╚═╝╚══════╝ ╚═════╝  ╚═════╝╚═╝  ╚═╝╚══════╝   ╚═╝","    //","    // io.socket","    //","    // The eager instance of Socket which will automatically try to connect","    // using the host that this js file was served from.","    //","    // This can be disabled or configured by setting properties on `io.sails.*` within the","    // first cycle of the event loop.","    //","","","    // Build `io.socket` so it exists","    // (note that this DOES NOT start the connection process)","    io.socket = new SailsSocket();","    //","    // This socket is not connected yet, and has not even _started_ connecting.","    //","    // But in the mean time, this eager socket will be queue events bound by the user","    // before the first cycle of the event loop (using `.on()`), which will later","    // be rebound on the raw underlying socket.","","","    //  ┌─┐┌─┐┌┬┐  ┌─┐┬ ┬┌┬┐┌─┐   ┌─┐┌─┐┌┐┌┌┐┌┌─┐┌─┐┌┬┐  ┌┬┐┬┌┬┐┌─┐┬─┐","    //  └─┐├┤  │   ├─┤│ │ │ │ │───│  │ │││││││├┤ │   │    │ ││││├┤ ├┬┘","    //  └─┘└─┘ ┴   ┴ ┴└─┘ ┴ └─┘   └─┘└─┘┘└┘┘└┘└─┘└─┘ ┴    ┴ ┴┴ ┴└─┘┴└─","    // If configured to do so, start auto-connecting after the first cycle of the event loop","    // has completed (to allow time for this behavior to be configured/disabled","    // by specifying properties on `io.sails`)","","    // Indicate that the autoConnect timer has started.","    io.socket._mightBeAboutToAutoConnect = true;","","    setTimeout(function() {","","      // Indicate that the autoConect timer fired.","      io.socket._mightBeAboutToAutoConnect = false;","","      // If autoConnect is disabled, delete the eager socket (io.socket) and bail out.","      if (io.sails.autoConnect === false || io.sails.autoconnect === false) {","        delete io.socket;","        return;","      }","","      // consolog('Eagerly auto-connecting socket to Sails... (requests will be queued in the mean-time)');","      io.socket._connect();","","","    }, 0); // </setTimeout>","","","    // Return the `io` object.","    return io;","  } //</SailsIOClient>","","  //","  /////////////////////////////////////////////////////////////////////////////////","  ///// </bunches of private function definitions, constructors, and methods>","  /////////////////////////////////////////////////////////////////////////////////","","","","","  //  ███████╗██╗  ██╗██████╗  ██████╗ ███████╗███████╗    ███████╗██████╗ ██╗  ██╗","  //  ██╔════╝╚██╗██╔╝██╔══██╗██╔═══██╗██╔════╝██╔════╝    ██╔════╝██╔══██╗██║ ██╔╝","  //  █████╗   ╚███╔╝ ██████╔╝██║   ██║███████╗█████╗      ███████╗██║  ██║█████╔╝","  //  ██╔══╝   ██╔██╗ ██╔═══╝ ██║   ██║╚════██║██╔══╝      ╚════██║██║  ██║██╔═██╗","  //  ███████╗██╔╝ ██╗██║     ╚██████╔╝███████║███████╗    ███████║██████╔╝██║  ██╗","  //  ╚══════╝╚═╝  ╚═╝╚═╝      ╚═════╝ ╚══════╝╚══════╝    ╚══════╝╚═════╝ ╚═╝  ╚═╝","  //","","","  // Add CommonJS support to allow this client SDK to be used from Node.js.","  if (SDK_INFO.platform === 'node') {","    module.exports = SailsIOClient;","  }","  // Add AMD support, registering this client SDK as an anonymous module.","  else if (typeof define === 'function' && define.amd) {","    define([], function() {","      return SailsIOClient;","    });","  }","  else {","    // Otherwise, try to instantiate the client using the global `io`:","    SailsIOClient();","","    // Note:","    // If you are modifying this file manually to wrap an existing socket.io client","    // (e.g. to prevent pollution of the global namespace), you can replace the global","    // `io` with your own `io` instance above.","  }","","})();",""],"l":{"43":1,"61":1,"89":1,"108":1,"121":1,"125":1,"126":1,"129":0,"136":1,"171":1,"172":1,"177":1,"182":0,"183":0,"188":1,"189":1,"192":1,"194":0,"211":0,"213":0,"217":0,"218":0,"219":0,"225":0,"226":0,"231":0,"232":0,"238":0,"241":0,"242":0,"253":0,"254":0,"256":0,"258":0,"259":0,"265":0,"266":0,"267":0,"273":0,"274":0,"275":0,"281":0,"282":0,"283":0,"297":1,"343":1,"349":0,"350":0,"351":0,"354":0,"360":0,"362":0,"363":0,"367":0,"373":0,"375":0,"376":0,"380":0,"393":1,"394":0,"399":0,"404":0,"407":0,"408":0,"411":0,"414":0,"415":0,"416":0,"420":0,"427":0,"428":0,"445":1,"446":0,"448":0,"449":0,"455":0,"456":0,"458":0,"460":0,"465":0,"478":1,"479":0,"481":0,"483":0,"486":0,"487":0,"491":0,"492":0,"495":0,"497":0,"498":0,"532":1,"533":0,"534":0,"535":0,"538":0,"540":0,"541":0,"542":0,"545":0,"546":0,"553":0,"556":0,"557":0,"562":0,"563":0,"569":0,"571":0,"591":1,"593":0,"594":0,"599":0,"600":0,"604":0,"606":0,"609":0,"610":0,"651":1,"652":0,"653":0,"656":0,"657":0,"660":0,"661":0,"663":0,"664":0,"666":0,"667":0,"669":0,"673":0,"674":0,"677":0,"678":0,"679":0,"681":0,"689":0,"690":0,"694":0,"699":0,"700":0,"701":0,"721":0,"722":0,"724":0,"730":0,"731":0,"732":0,"737":0,"740":0,"741":0,"742":0,"747":0,"751":0,"752":0,"758":0,"767":0,"768":0,"772":0,"775":0,"776":0,"777":0,"780":0,"781":0,"783":0,"784":0,"785":0,"786":0,"789":0,"791":0,"796":0,"797":0,"802":0,"803":0,"804":0,"809":0,"810":0,"813":0,"814":0,"818":0,"824":0,"834":0,"835":0,"840":0,"841":0,"842":0,"845":0,"849":0,"858":0,"861":0,"862":0,"863":0,"864":0,"865":0,"866":0,"867":0,"868":0,"873":0,"880":0,"881":0,"882":0,"901":0,"902":0,"903":0,"904":0,"905":0,"908":0,"911":0,"912":0,"920":0,"921":0,"922":0,"924":0,"925":0,"926":0,"937":0,"938":0,"946":0,"960":0,"961":0,"962":0,"964":0,"965":0,"967":0,"975":0,"976":0,"977":0,"978":0,"980":0,"992":0,"993":0,"994":0,"997":0,"1008":0,"1009":0,"1020":0,"1021":0,"1028":0,"1029":0,"1033":0,"1034":0,"1035":0,"1041":0,"1042":0,"1046":0,"1049":0,"1060":0,"1063":0,"1064":0,"1065":0,"1069":0,"1070":0,"1073":0,"1076":0,"1086":0,"1089":0,"1090":0,"1091":0,"1095":0,"1096":0,"1099":0,"1108":0,"1111":0,"1112":0,"1113":0,"1117":0,"1119":0,"1133":0,"1136":0,"1137":0,"1138":0,"1141":0,"1161":0,"1164":0,"1165":0,"1166":0,"1169":0,"1189":0,"1192":0,"1193":0,"1194":0,"1197":0,"1216":0,"1219":0,"1220":0,"1221":0,"1224":0,"1242":0,"1245":0,"1246":0,"1247":0,"1250":0,"1281":0,"1283":0,"1296":0,"1297":0,"1299":0,"1300":0,"1302":0,"1303":0,"1305":0,"1306":0,"1308":0,"1309":0,"1311":0,"1312":0,"1316":0,"1317":0,"1319":0,"1320":0,"1321":0,"1328":0,"1331":0,"1332":0,"1333":0,"1340":0,"1344":0,"1359":0,"1360":0,"1361":0,"1362":0,"1368":0,"1382":0,"1383":0,"1408":0,"1450":0,"1451":0,"1452":0,"1479":0,"1482":0,"1483":0,"1484":0,"1488":0,"1491":0,"1494":0,"1495":0,"1496":0,"1523":0,"1540":0,"1542":0,"1545":0,"1548":0,"1549":0,"1550":0,"1554":0,"1561":0,"1582":1,"1583":1,"1586":0,"1587":0,"1588":0,"1593":0}},"/home/travis/build/npmtest/node-npmtest-sails.io.js/node_modules/sails.io.js/dependencies/amd_instructions.js":{"path":"/home/travis/build/npmtest/node-npmtest-sails.io.js/node_modules/sails.io.js/dependencies/amd_instructions.js","s":{},"b":{},"f":{},"fnMap":{},"statementMap":{},"branchMap":{},"code":["/**"," * To use sails.io.js in an AMD environment (e.g. with require.js),"," * replace this file with the sails.io.js file from the root of:"," * https://github.com/balderdashy/sails.io.js"," * and download a standalone copy of socket.io-client from:"," * https://github.com/socketio/socket.io-client"," * then follow the instructions at:"," * https://github.com/balderdashy/sails.io.js#requirejsamd-usage"," */",""],"l":{}}}